Watching for file changes with StatReloader
"GET /prefix/ HTTP/1.1" 200 13
C:\_GB_django\001\mydjango\myapp\views.py changed, reloading.
Watching for file changes with StatReloader
C:\_GB_django\001\mydjango\myapp\views.py changed, reloading.
Watching for file changes with StatReloader
C:\_GB_django\001\mydjango\myapp\views.py changed, reloading.
Watching for file changes with StatReloader
Watching for file changes with StatReloader
"GET /prefix/about/ HTTP/1.1" 200 27
"GET /prefix/ HTTP/1.1" 200 13
C:\_GB_django\001\mydjango\mydjango\settings.py changed, reloading.
Watching for file changes with StatReloader
C:\_GB_django\001\mydjango\mydjango\settings.py changed, reloading.
Watching for file changes with StatReloader
Watching for file changes with StatReloader
Error in about page: division by zero
Traceback (most recent call last):
  File "C:\_GB_django\001\mydjango\myapp\views.py", line 14, in about
    result = 1 / 0
             ~~^~~
ZeroDivisionError: division by zero
"GET /prefix/about/ HTTP/1.1" 200 27
C:\_GB_django\001\mydjango\mydjango\settings.py changed, reloading.
Watching for file changes with StatReloader
C:\_GB_django\001\mydjango\mydjango\settings.py changed, reloading.
Watching for file changes with StatReloader
C:\_GB_django\001\mydjango\mydjango\settings.py changed, reloading.
INFO 2024-05-18 12:12:11,975 autoreload 9740 1408Watching for file changes with StatReloader
INFO 2024-05-18 12:12:13,649 autoreload 9740 1408C:\_GB_django\001\mydjango\mydjango\settings.py changed, reloading.
INFO 2024-05-18 12:12:14,318 autoreload 10136 1680Watching for file changes with StatReloader
ERROR 2024-05-18 12:12:29,928 views 10136 7200Error in about page: division by zero
Traceback (most recent call last):
  File "C:\_GB_django\001\mydjango\myapp\views.py", line 14, in about
    result = 1 / 0
             ~~^~~
ZeroDivisionError: division by zero
INFO 2024-05-18 12:12:29,931 basehttp 10136 7200"GET /prefix/about/ HTTP/1.1" 200 27
INFO 2024-05-18 12:12:36,048 basehttp 10136 7200"GET /prefix/ HTTP/1.1" 200 13
INFO 2024-05-18 20:32:04,223 autoreload 11396 4008Watching for file changes with StatReloader
INFO 2024-05-18 20:32:57,562 autoreload 8932 11284Watching for file changes with StatReloader
INFO 2024-05-18 23:00:50,348 autoreload 10932 1640Watching for file changes with StatReloader
INFO 2024-05-19 22:07:45,766 autoreload 6100 12364Watching for file changes with StatReloader
INFO 2024-05-19 22:08:05,477 autoreload 5720 12048Watching for file changes with StatReloader
INFO 2024-05-19 22:08:47,890 autoreload 5720 12048C:\_GB_django\001\mydjango\myapp3\views.py changed, reloading.
INFO 2024-05-19 22:08:48,535 autoreload 2488 7716Watching for file changes with StatReloader
INFO 2024-05-19 22:09:06,844 autoreload 2488 7716C:\_GB_django\001\mydjango\myapp3\views.py changed, reloading.
INFO 2024-05-19 22:09:07,474 autoreload 9368 8876Watching for file changes with StatReloader
INFO 2024-05-19 22:09:09,125 autoreload 9368 8876C:\_GB_django\001\mydjango\mydjango\urls.py changed, reloading.
INFO 2024-05-19 22:09:09,785 autoreload 5632 9192Watching for file changes with StatReloader
INFO 2024-05-19 22:09:12,635 autoreload 5632 9192C:\_GB_django\001\mydjango\myapp3\views.py changed, reloading.
INFO 2024-05-19 22:09:13,320 autoreload 12388 5772Watching for file changes with StatReloader
INFO 2024-05-19 22:09:15,981 basehttp 12388 11396"GET / HTTP/1.1" 200 13
WARNING 2024-05-19 22:09:16,050 log 12388 11396Not Found: /favicon.ico
WARNING 2024-05-19 22:09:16,051 basehttp 12388 11396"GET /favicon.ico HTTP/1.1" 404 2776
INFO 2024-05-19 22:09:45,139 basehttp 12388 11396"GET / HTTP/1.1" 200 13
INFO 2024-05-19 22:10:08,887 autoreload 12388 5772C:\_GB_django\001\mydjango\mydjango\urls.py changed, reloading.
INFO 2024-05-19 22:10:09,484 autoreload 10500 13484Watching for file changes with StatReloader
INFO 2024-05-19 22:10:11,128 autoreload 10500 13484C:\_GB_django\001\mydjango\mydjango\urls.py changed, reloading.
INFO 2024-05-19 22:10:11,713 autoreload 5976 12868Watching for file changes with StatReloader
WARNING 2024-05-19 22:10:14,487 log 5976 6088Not Found: /less3
WARNING 2024-05-19 22:10:14,487 basehttp 5976 6088"GET /less3 HTTP/1.1" 404 2768
WARNING 2024-05-19 22:10:33,957 log 5976 6088Not Found: /less3/hello
WARNING 2024-05-19 22:10:33,957 basehttp 5976 6088"GET /less3/hello HTTP/1.1" 404 2786
INFO 2024-05-19 22:11:00,849 autoreload 5976 12868C:\_GB_django\001\mydjango\myapp3\urls.py changed, reloading.
INFO 2024-05-19 22:11:01,534 autoreload 10104 5040Watching for file changes with StatReloader
WARNING 2024-05-19 22:11:03,143 log 10104 12436Not Found: /less3/hello
WARNING 2024-05-19 22:11:03,144 basehttp 10104 12436"GET /less3/hello HTTP/1.1" 404 2798
INFO 2024-05-19 22:11:16,073 autoreload 10104 5040C:\_GB_django\001\mydjango\myapp3\urls.py changed, reloading.
INFO 2024-05-19 22:11:16,705 autoreload 2000 13148Watching for file changes with StatReloader
WARNING 2024-05-19 22:11:21,325 log 2000 4656Not Found: /less3
WARNING 2024-05-19 22:11:21,326 basehttp 2000 4656"GET /less3 HTTP/1.1" 404 2768
INFO 2024-05-19 22:11:48,994 autoreload 2000 13148C:\_GB_django\001\mydjango\mydjango\urls.py changed, reloading.
INFO 2024-05-19 22:11:49,668 autoreload 10284 2244Watching for file changes with StatReloader
WARNING 2024-05-19 22:11:52,632 log 10284 10008Not Found: /less3
WARNING 2024-05-19 22:11:52,633 basehttp 10284 10008"GET /less3 HTTP/1.1" 404 2528
INFO 2024-05-19 22:14:10,090 autoreload 9724 4780Watching for file changes with StatReloader
INFO 2024-05-19 22:14:31,106 basehttp 9724 11904"GET / HTTP/1.1" 200 13
WARNING 2024-05-19 22:14:36,386 log 9724 11904Not Found: /less3
WARNING 2024-05-19 22:14:36,387 basehttp 9724 11904"GET /less3 HTTP/1.1" 404 2528
WARNING 2024-05-19 22:14:45,345 log 9724 11904Not Found: /less3/
WARNING 2024-05-19 22:14:45,345 basehttp 9724 11904"GET /less3/ HTTP/1.1" 404 2773
INFO 2024-05-19 22:14:50,774 basehttp 9724 11904"GET /less3/hello HTTP/1.1" 301 0
INFO 2024-05-19 22:14:50,778 basehttp 9724 11588"GET /less3/hello/ HTTP/1.1" 200 26
INFO 2024-05-19 22:14:54,955 basehttp 9724 11588"GET /less3/hello2/ HTTP/1.1" 200 23
INFO 2024-05-20 09:30:23,905 autoreload 14080 4172Watching for file changes with StatReloader
WARNING 2024-05-20 09:30:24,683 log 14080 8424Not Found: /favicon.ico
WARNING 2024-05-20 09:30:24,684 basehttp 14080 8424"GET /favicon.ico HTTP/1.1" 404 2546
INFO 2024-05-20 09:32:52,238 autoreload 14080 4172C:\_GB_django\001\mydjango\myapp3\urls.py changed, reloading.
INFO 2024-05-20 09:32:53,002 autoreload 4160 7072Watching for file changes with StatReloader
INFO 2024-05-20 09:33:08,355 autoreload 4160 7072C:\_GB_django\001\mydjango\myapp3\urls.py changed, reloading.
INFO 2024-05-20 09:33:09,020 autoreload 6364 7764Watching for file changes with StatReloader
INFO 2024-05-20 09:36:45,466 autoreload 6364 7764C:\_GB_django\001\mydjango\myapp3\views.py changed, reloading.
INFO 2024-05-20 09:36:46,138 autoreload 11592 2600Watching for file changes with StatReloader
INFO 2024-05-20 09:37:35,006 autoreload 11592 2600C:\_GB_django\001\mydjango\myapp3\views.py changed, reloading.
INFO 2024-05-20 09:37:35,657 autoreload 14032 6412Watching for file changes with StatReloader
INFO 2024-05-20 09:38:56,006 autoreload 14032 6412C:\_GB_django\001\mydjango\myapp3\views.py changed, reloading.
INFO 2024-05-20 09:38:56,657 autoreload 8768 8724Watching for file changes with StatReloader
INFO 2024-05-20 09:38:58,356 autoreload 8768 8724C:\_GB_django\001\mydjango\myapp3\views.py changed, reloading.
INFO 2024-05-20 09:38:58,991 autoreload 11892 9580Watching for file changes with StatReloader
INFO 2024-05-20 09:40:42,560 basehttp 11892 9620"GET / HTTP/1.1" 200 13
WARNING 2024-05-20 09:40:52,167 log 11892 9620Not Found: /posts/2024
WARNING 2024-05-20 09:40:52,168 basehttp 11892 9620"GET /posts/2024 HTTP/1.1" 404 2543
INFO 2024-05-20 09:41:10,527 autoreload 2172 13216Watching for file changes with StatReloader
WARNING 2024-05-20 09:41:13,269 log 2172 11836Not Found: /posts/2024
WARNING 2024-05-20 09:41:13,270 basehttp 2172 11836"GET /posts/2024 HTTP/1.1" 404 2543
INFO 2024-05-20 09:42:29,947 basehttp 2172 11836"GET /less3/posts/2024 HTTP/1.1" 301 0
INFO 2024-05-20 09:42:29,953 basehttp 2172 12360"GET /less3/posts/2024/ HTTP/1.1" 200 19
INFO 2024-05-20 09:43:40,624 basehttp 2172 12360"GET /less3/posts/2024/6 HTTP/1.1" 301 0
INFO 2024-05-20 09:43:40,628 basehttp 2172 12908"GET /less3/posts/2024/6/ HTTP/1.1" 200 21
INFO 2024-05-20 09:45:20,648 basehttp 2172 12908"GET /less3/posts/2024/6/ghjfgjh HTTP/1.1" 301 0
INFO 2024-05-20 09:45:20,653 basehttp 2172 1772"GET /less3/posts/2024/6/ghjfgjh/ HTTP/1.1" 200 361
INFO 2024-05-20 09:50:27,953 autoreload 2172 13216C:\_GB_django\001\mydjango\myapp3\views.py changed, reloading.
INFO 2024-05-20 09:50:29,175 autoreload 3324 11988Watching for file changes with StatReloader
INFO 2024-05-20 09:52:41,455 autoreload 3324 11988C:\_GB_django\001\mydjango\myapp3\urls.py changed, reloading.
INFO 2024-05-20 09:52:42,166 autoreload 8408 3460Watching for file changes with StatReloader
WARNING 2024-05-20 09:53:05,174 log 8408 1348Not Found: /docs
WARNING 2024-05-20 09:53:05,176 basehttp 8408 1348"GET /docs HTTP/1.1" 404 2525
INFO 2024-05-20 09:53:09,116 basehttp 8408 1348"GET / HTTP/1.1" 200 13
INFO 2024-05-20 09:53:19,158 autoreload 12456 3332Watching for file changes with StatReloader
INFO 2024-05-20 09:53:22,139 basehttp 12456 2380"GET / HTTP/1.1" 200 13
INFO 2024-05-20 09:53:45,368 autoreload 12456 3332C:\_GB_django\001\mydjango\myapp3\urls.py changed, reloading.
INFO 2024-05-20 09:53:46,068 autoreload 6928 3200Watching for file changes with StatReloader
INFO 2024-05-20 09:53:48,051 basehttp 6928 4792"GET / HTTP/1.1" 200 13
INFO 2024-05-20 09:53:51,207 autoreload 6928 3200C:\_GB_django\001\mydjango\myapp3\urls.py changed, reloading.
INFO 2024-05-20 09:53:51,868 autoreload 8548 7268Watching for file changes with StatReloader
INFO 2024-05-20 09:54:06,677 basehttp 8548 564"GET / HTTP/1.1" 200 13
INFO 2024-05-20 09:54:09,498 basehttp 8548 564"GET / HTTP/1.1" 200 13
INFO 2024-05-20 09:56:31,661 autoreload 3144 13500Watching for file changes with StatReloader
WARNING 2024-05-20 09:56:33,895 log 3144 8964Not Found: /less3/less3
WARNING 2024-05-20 09:56:33,896 basehttp 3144 8964"GET /less3/less3 HTTP/1.1" 404 3594
WARNING 2024-05-20 09:56:34,653 log 3144 8964Not Found: /less3/less3
WARNING 2024-05-20 09:56:34,654 basehttp 3144 8964"GET /less3/less3 HTTP/1.1" 404 3594
ERROR 2024-05-20 09:56:38,801 log 3144 8964Internal Server Error: /less3/
Traceback (most recent call last):
  File "C:\Users\01\AppData\Local\Programs\Python\Python312\Lib\site-packages\django\core\handlers\exception.py", line 55, in inner
    response = get_response(request)
               ^^^^^^^^^^^^^^^^^^^^^
  File "C:\Users\01\AppData\Local\Programs\Python\Python312\Lib\site-packages\django\core\handlers\base.py", line 197, in _get_response
    response = wrapped_callback(request, *callback_args, **callback_kwargs)
               ^^^^^^^^^^^^^^^^^^^^^^^^^^^^^^^^^^^^^^^^^^^^^^^^^^^^^^^^^^^^
  File "C:\_GB_django\001\mydjango\myapp3\views.py", line 39, in my_view
    return render(request, "myapp3/my_template.html", context)
           ^^^^^^^^^^^^^^^^^^^^^^^^^^^^^^^^^^^^^^^^^^^^^^^^^^^
  File "C:\Users\01\AppData\Local\Programs\Python\Python312\Lib\site-packages\django\shortcuts.py", line 25, in render
    content = loader.render_to_string(template_name, context, request, using=using)
              ^^^^^^^^^^^^^^^^^^^^^^^^^^^^^^^^^^^^^^^^^^^^^^^^^^^^^^^^^^^^^^^^^^^^^
  File "C:\Users\01\AppData\Local\Programs\Python\Python312\Lib\site-packages\django\template\loader.py", line 61, in render_to_string
    template = get_template(template_name, using=using)
               ^^^^^^^^^^^^^^^^^^^^^^^^^^^^^^^^^^^^^^^^
  File "C:\Users\01\AppData\Local\Programs\Python\Python312\Lib\site-packages\django\template\loader.py", line 19, in get_template
    raise TemplateDoesNotExist(template_name, chain=chain)
django.template.exceptions.TemplateDoesNotExist: myapp3/my_template.html
ERROR 2024-05-20 09:56:38,805 basehttp 3144 8964"GET /less3/ HTTP/1.1" 500 78834
ERROR 2024-05-20 09:57:34,625 log 3144 8964Internal Server Error: /less3/
Traceback (most recent call last):
  File "C:\Users\01\AppData\Local\Programs\Python\Python312\Lib\site-packages\django\core\handlers\exception.py", line 55, in inner
    response = get_response(request)
               ^^^^^^^^^^^^^^^^^^^^^
  File "C:\Users\01\AppData\Local\Programs\Python\Python312\Lib\site-packages\django\core\handlers\base.py", line 197, in _get_response
    response = wrapped_callback(request, *callback_args, **callback_kwargs)
               ^^^^^^^^^^^^^^^^^^^^^^^^^^^^^^^^^^^^^^^^^^^^^^^^^^^^^^^^^^^^
  File "C:\_GB_django\001\mydjango\myapp3\views.py", line 39, in my_view
    return render(request, "myapp3/my_template.html", context)
           ^^^^^^^^^^^^^^^^^^^^^^^^^^^^^^^^^^^^^^^^^^^^^^^^^^^
  File "C:\Users\01\AppData\Local\Programs\Python\Python312\Lib\site-packages\django\shortcuts.py", line 25, in render
    content = loader.render_to_string(template_name, context, request, using=using)
              ^^^^^^^^^^^^^^^^^^^^^^^^^^^^^^^^^^^^^^^^^^^^^^^^^^^^^^^^^^^^^^^^^^^^^
  File "C:\Users\01\AppData\Local\Programs\Python\Python312\Lib\site-packages\django\template\loader.py", line 61, in render_to_string
    template = get_template(template_name, using=using)
               ^^^^^^^^^^^^^^^^^^^^^^^^^^^^^^^^^^^^^^^^
  File "C:\Users\01\AppData\Local\Programs\Python\Python312\Lib\site-packages\django\template\loader.py", line 19, in get_template
    raise TemplateDoesNotExist(template_name, chain=chain)
django.template.exceptions.TemplateDoesNotExist: myapp3/my_template.html
ERROR 2024-05-20 09:57:34,629 basehttp 3144 8964"GET /less3/ HTTP/1.1" 500 78971
INFO 2024-05-20 09:57:44,862 autoreload 12340 2696Watching for file changes with StatReloader
INFO 2024-05-20 09:57:48,984 basehttp 12340 10436"GET /less3/ HTTP/1.1" 200 186
INFO 2024-05-20 10:02:20,908 autoreload 12340 2696C:\_GB_django\001\mydjango\myapp3\views.py changed, reloading.
INFO 2024-05-20 10:02:21,645 autoreload 12720 8372Watching for file changes with StatReloader
INFO 2024-05-20 10:02:42,322 autoreload 12720 8372C:\_GB_django\001\mydjango\myapp3\views.py changed, reloading.
INFO 2024-05-20 10:02:43,078 autoreload 1520 12632Watching for file changes with StatReloader
INFO 2024-05-20 10:04:16,429 autoreload 1520 12632C:\_GB_django\001\mydjango\myapp3\urls.py changed, reloading.
INFO 2024-05-20 10:04:17,117 autoreload 3560 11472Watching for file changes with StatReloader
INFO 2024-05-20 10:04:18,832 autoreload 3560 11472C:\_GB_django\001\mydjango\myapp3\urls.py changed, reloading.
INFO 2024-05-20 10:04:19,531 autoreload 10024 5780Watching for file changes with StatReloader
INFO 2024-05-20 10:04:39,839 basehttp 10024 6568"GET /less3/if HTTP/1.1" 301 0
INFO 2024-05-20 10:04:39,853 basehttp 10024 10308"GET /less3/if/ HTTP/1.1" 200 342
INFO 2024-05-20 10:07:33,237 autoreload 10024 5780C:\_GB_django\001\mydjango\myapp3\views.py changed, reloading.
INFO 2024-05-20 10:07:33,924 autoreload 6260 1924Watching for file changes with StatReloader
INFO 2024-05-20 10:07:35,629 autoreload 6260 1924C:\_GB_django\001\mydjango\myapp3\views.py changed, reloading.
INFO 2024-05-20 10:07:36,284 autoreload 3308 12856Watching for file changes with StatReloader
INFO 2024-05-20 10:07:55,927 autoreload 3308 12856C:\_GB_django\001\mydjango\myapp3\urls.py changed, reloading.
INFO 2024-05-20 10:07:56,626 autoreload 14252 12608Watching for file changes with StatReloader
INFO 2024-05-20 10:08:04,691 autoreload 14252 12608C:\_GB_django\001\mydjango\myapp3\urls.py changed, reloading.
INFO 2024-05-20 10:08:05,330 autoreload 6800 12644Watching for file changes with StatReloader
INFO 2024-05-20 10:08:11,400 basehttp 6800 4220"GET /less3/for/ HTTP/1.1" 200 1045
INFO 2024-05-20 10:31:42,376 basehttp 6800 8380"GET / HTTP/1.1" 200 13
INFO 2024-05-20 10:31:50,628 basehttp 6800 8380"GET /less3/ HTTP/1.1" 200 186
INFO 2024-05-20 10:33:14,204 autoreload 6800 12644C:\_GB_django\001\mydjango\myapp3\views.py changed, reloading.
INFO 2024-05-20 10:33:14,897 autoreload 12732 1224Watching for file changes with StatReloader
INFO 2024-05-20 10:33:17,683 autoreload 12732 1224C:\_GB_django\001\mydjango\myapp3\views.py changed, reloading.
INFO 2024-05-20 10:33:18,395 autoreload 12632 12432Watching for file changes with StatReloader
INFO 2024-05-20 10:33:19,872 basehttp 12632 9436"GET /less3/ HTTP/1.1" 200 186
INFO 2024-05-20 10:34:15,262 autoreload 12632 12432C:\_GB_django\001\mydjango\myapp3\urls.py changed, reloading.
INFO 2024-05-20 10:34:15,955 autoreload 10456 8916Watching for file changes with StatReloader
INFO 2024-05-20 10:34:18,033 basehttp 10456 5556"GET /less3/ HTTP/1.1" 200 186
INFO 2024-05-20 10:34:19,270 basehttp 10456 5556"GET /less3/ HTTP/1.1" 200 186
INFO 2024-05-20 10:34:19,899 basehttp 10456 5556"GET /less3/ HTTP/1.1" 200 186
INFO 2024-05-20 10:34:29,169 basehttp 10456 5556"GET /less3/index HTTP/1.1" 301 0
ERROR 2024-05-20 10:34:29,252 log 10456 13324Internal Server Error: /less3/index/
Traceback (most recent call last):
  File "C:\Users\01\AppData\Local\Programs\Python\Python312\Lib\site-packages\django\template\base.py", line 502, in parse
    compile_func = self.tags[command]
                   ~~~~~~~~~^^^^^^^^^
KeyError: 'endblock'

During handling of the above exception, another exception occurred:

Traceback (most recent call last):
  File "C:\Users\01\AppData\Local\Programs\Python\Python312\Lib\site-packages\django\core\handlers\exception.py", line 55, in inner
    response = get_response(request)
               ^^^^^^^^^^^^^^^^^^^^^
  File "C:\Users\01\AppData\Local\Programs\Python\Python312\Lib\site-packages\django\core\handlers\base.py", line 197, in _get_response
    response = wrapped_callback(request, *callback_args, **callback_kwargs)
               ^^^^^^^^^^^^^^^^^^^^^^^^^^^^^^^^^^^^^^^^^^^^^^^^^^^^^^^^^^^^
  File "C:\_GB_django\001\mydjango\myapp3\views.py", line 8, in index
    return render(request, 'myapp3/index.html')
           ^^^^^^^^^^^^^^^^^^^^^^^^^^^^^^^^^^^^
  File "C:\Users\01\AppData\Local\Programs\Python\Python312\Lib\site-packages\django\shortcuts.py", line 25, in render
    content = loader.render_to_string(template_name, context, request, using=using)
              ^^^^^^^^^^^^^^^^^^^^^^^^^^^^^^^^^^^^^^^^^^^^^^^^^^^^^^^^^^^^^^^^^^^^^
  File "C:\Users\01\AppData\Local\Programs\Python\Python312\Lib\site-packages\django\template\loader.py", line 61, in render_to_string
    template = get_template(template_name, using=using)
               ^^^^^^^^^^^^^^^^^^^^^^^^^^^^^^^^^^^^^^^^
  File "C:\Users\01\AppData\Local\Programs\Python\Python312\Lib\site-packages\django\template\loader.py", line 15, in get_template
    return engine.get_template(template_name)
           ^^^^^^^^^^^^^^^^^^^^^^^^^^^^^^^^^^
  File "C:\Users\01\AppData\Local\Programs\Python\Python312\Lib\site-packages\django\template\backends\django.py", line 33, in get_template
    return Template(self.engine.get_template(template_name), self)
                    ^^^^^^^^^^^^^^^^^^^^^^^^^^^^^^^^^^^^^^^
  File "C:\Users\01\AppData\Local\Programs\Python\Python312\Lib\site-packages\django\template\engine.py", line 177, in get_template
    template, origin = self.find_template(template_name)
                       ^^^^^^^^^^^^^^^^^^^^^^^^^^^^^^^^^
  File "C:\Users\01\AppData\Local\Programs\Python\Python312\Lib\site-packages\django\template\engine.py", line 159, in find_template
    template = loader.get_template(name, skip=skip)
               ^^^^^^^^^^^^^^^^^^^^^^^^^^^^^^^^^^^^
  File "C:\Users\01\AppData\Local\Programs\Python\Python312\Lib\site-packages\django\template\loaders\cached.py", line 57, in get_template
    template = super().get_template(template_name, skip)
               ^^^^^^^^^^^^^^^^^^^^^^^^^^^^^^^^^^^^^^^^^
  File "C:\Users\01\AppData\Local\Programs\Python\Python312\Lib\site-packages\django\template\loaders\base.py", line 28, in get_template
    return Template(
           ^^^^^^^^^
  File "C:\Users\01\AppData\Local\Programs\Python\Python312\Lib\site-packages\django\template\base.py", line 154, in __init__
    self.nodelist = self.compile_nodelist()
                    ^^^^^^^^^^^^^^^^^^^^^^^
  File "C:\Users\01\AppData\Local\Programs\Python\Python312\Lib\site-packages\django\template\base.py", line 196, in compile_nodelist
    return parser.parse()
           ^^^^^^^^^^^^^^
  File "C:\Users\01\AppData\Local\Programs\Python\Python312\Lib\site-packages\django\template\base.py", line 510, in parse
    raise self.error(token, e)
  File "C:\Users\01\AppData\Local\Programs\Python\Python312\Lib\site-packages\django\template\base.py", line 508, in parse
    compiled_result = compile_func(self, token)
                      ^^^^^^^^^^^^^^^^^^^^^^^^^
  File "C:\Users\01\AppData\Local\Programs\Python\Python312\Lib\site-packages\django\template\loader_tags.py", line 295, in do_extends
    nodelist = parser.parse()
               ^^^^^^^^^^^^^^
  File "C:\Users\01\AppData\Local\Programs\Python\Python312\Lib\site-packages\django\template\base.py", line 504, in parse
    self.invalid_block_tag(token, command, parse_until)
  File "C:\Users\01\AppData\Local\Programs\Python\Python312\Lib\site-packages\django\template\base.py", line 565, in invalid_block_tag
    raise self.error(
django.template.exceptions.TemplateSyntaxError: Invalid block tag on line 5: 'endblock'. Did you forget to register or load this tag?
ERROR 2024-05-20 10:34:29,264 basehttp 10456 13324"GET /less3/index/ HTTP/1.1" 500 144815
INFO 2024-05-20 10:35:04,617 autoreload 10456 8916C:\_GB_django\001\mydjango\myapp3\urls.py changed, reloading.
INFO 2024-05-20 10:35:05,265 autoreload 12608 4456Watching for file changes with StatReloader
ERROR 2024-05-20 10:35:07,797 log 12608 9308Internal Server Error: /less3/index/
Traceback (most recent call last):
  File "C:\Users\01\AppData\Local\Programs\Python\Python312\Lib\site-packages\django\template\base.py", line 502, in parse
    compile_func = self.tags[command]
                   ~~~~~~~~~^^^^^^^^^
KeyError: 'endblock'

During handling of the above exception, another exception occurred:

Traceback (most recent call last):
  File "C:\Users\01\AppData\Local\Programs\Python\Python312\Lib\site-packages\django\core\handlers\exception.py", line 55, in inner
    response = get_response(request)
               ^^^^^^^^^^^^^^^^^^^^^
  File "C:\Users\01\AppData\Local\Programs\Python\Python312\Lib\site-packages\django\core\handlers\base.py", line 197, in _get_response
    response = wrapped_callback(request, *callback_args, **callback_kwargs)
               ^^^^^^^^^^^^^^^^^^^^^^^^^^^^^^^^^^^^^^^^^^^^^^^^^^^^^^^^^^^^
  File "C:\_GB_django\001\mydjango\myapp3\views.py", line 8, in index
    return render(request, 'myapp3/index.html')
           ^^^^^^^^^^^^^^^^^^^^^^^^^^^^^^^^^^^^
  File "C:\Users\01\AppData\Local\Programs\Python\Python312\Lib\site-packages\django\shortcuts.py", line 25, in render
    content = loader.render_to_string(template_name, context, request, using=using)
              ^^^^^^^^^^^^^^^^^^^^^^^^^^^^^^^^^^^^^^^^^^^^^^^^^^^^^^^^^^^^^^^^^^^^^
  File "C:\Users\01\AppData\Local\Programs\Python\Python312\Lib\site-packages\django\template\loader.py", line 61, in render_to_string
    template = get_template(template_name, using=using)
               ^^^^^^^^^^^^^^^^^^^^^^^^^^^^^^^^^^^^^^^^
  File "C:\Users\01\AppData\Local\Programs\Python\Python312\Lib\site-packages\django\template\loader.py", line 15, in get_template
    return engine.get_template(template_name)
           ^^^^^^^^^^^^^^^^^^^^^^^^^^^^^^^^^^
  File "C:\Users\01\AppData\Local\Programs\Python\Python312\Lib\site-packages\django\template\backends\django.py", line 33, in get_template
    return Template(self.engine.get_template(template_name), self)
                    ^^^^^^^^^^^^^^^^^^^^^^^^^^^^^^^^^^^^^^^
  File "C:\Users\01\AppData\Local\Programs\Python\Python312\Lib\site-packages\django\template\engine.py", line 177, in get_template
    template, origin = self.find_template(template_name)
                       ^^^^^^^^^^^^^^^^^^^^^^^^^^^^^^^^^
  File "C:\Users\01\AppData\Local\Programs\Python\Python312\Lib\site-packages\django\template\engine.py", line 159, in find_template
    template = loader.get_template(name, skip=skip)
               ^^^^^^^^^^^^^^^^^^^^^^^^^^^^^^^^^^^^
  File "C:\Users\01\AppData\Local\Programs\Python\Python312\Lib\site-packages\django\template\loaders\cached.py", line 57, in get_template
    template = super().get_template(template_name, skip)
               ^^^^^^^^^^^^^^^^^^^^^^^^^^^^^^^^^^^^^^^^^
  File "C:\Users\01\AppData\Local\Programs\Python\Python312\Lib\site-packages\django\template\loaders\base.py", line 28, in get_template
    return Template(
           ^^^^^^^^^
  File "C:\Users\01\AppData\Local\Programs\Python\Python312\Lib\site-packages\django\template\base.py", line 154, in __init__
    self.nodelist = self.compile_nodelist()
                    ^^^^^^^^^^^^^^^^^^^^^^^
  File "C:\Users\01\AppData\Local\Programs\Python\Python312\Lib\site-packages\django\template\base.py", line 196, in compile_nodelist
    return parser.parse()
           ^^^^^^^^^^^^^^
  File "C:\Users\01\AppData\Local\Programs\Python\Python312\Lib\site-packages\django\template\base.py", line 510, in parse
    raise self.error(token, e)
  File "C:\Users\01\AppData\Local\Programs\Python\Python312\Lib\site-packages\django\template\base.py", line 508, in parse
    compiled_result = compile_func(self, token)
                      ^^^^^^^^^^^^^^^^^^^^^^^^^
  File "C:\Users\01\AppData\Local\Programs\Python\Python312\Lib\site-packages\django\template\loader_tags.py", line 295, in do_extends
    nodelist = parser.parse()
               ^^^^^^^^^^^^^^
  File "C:\Users\01\AppData\Local\Programs\Python\Python312\Lib\site-packages\django\template\base.py", line 504, in parse
    self.invalid_block_tag(token, command, parse_until)
  File "C:\Users\01\AppData\Local\Programs\Python\Python312\Lib\site-packages\django\template\base.py", line 565, in invalid_block_tag
    raise self.error(
django.template.exceptions.TemplateSyntaxError: Invalid block tag on line 5: 'endblock'. Did you forget to register or load this tag?
ERROR 2024-05-20 10:35:07,807 basehttp 12608 9308"GET /less3/index/ HTTP/1.1" 500 144952
INFO 2024-05-20 10:38:13,707 autoreload 13256 2616Watching for file changes with StatReloader
ERROR 2024-05-20 10:38:17,345 log 13256 1532Internal Server Error: /less3/index/
Traceback (most recent call last):
  File "C:\Users\01\AppData\Local\Programs\Python\Python312\Lib\site-packages\django\template\base.py", line 502, in parse
    compile_func = self.tags[command]
                   ~~~~~~~~~^^^^^^^^^
KeyError: 'endblock'

During handling of the above exception, another exception occurred:

Traceback (most recent call last):
  File "C:\Users\01\AppData\Local\Programs\Python\Python312\Lib\site-packages\django\core\handlers\exception.py", line 55, in inner
    response = get_response(request)
               ^^^^^^^^^^^^^^^^^^^^^
  File "C:\Users\01\AppData\Local\Programs\Python\Python312\Lib\site-packages\django\core\handlers\base.py", line 197, in _get_response
    response = wrapped_callback(request, *callback_args, **callback_kwargs)
               ^^^^^^^^^^^^^^^^^^^^^^^^^^^^^^^^^^^^^^^^^^^^^^^^^^^^^^^^^^^^
  File "C:\_GB_django\001\mydjango\myapp3\views.py", line 8, in index
    return render(request, 'myapp3/index.html')
           ^^^^^^^^^^^^^^^^^^^^^^^^^^^^^^^^^^^^
  File "C:\Users\01\AppData\Local\Programs\Python\Python312\Lib\site-packages\django\shortcuts.py", line 25, in render
    content = loader.render_to_string(template_name, context, request, using=using)
              ^^^^^^^^^^^^^^^^^^^^^^^^^^^^^^^^^^^^^^^^^^^^^^^^^^^^^^^^^^^^^^^^^^^^^
  File "C:\Users\01\AppData\Local\Programs\Python\Python312\Lib\site-packages\django\template\loader.py", line 61, in render_to_string
    template = get_template(template_name, using=using)
               ^^^^^^^^^^^^^^^^^^^^^^^^^^^^^^^^^^^^^^^^
  File "C:\Users\01\AppData\Local\Programs\Python\Python312\Lib\site-packages\django\template\loader.py", line 15, in get_template
    return engine.get_template(template_name)
           ^^^^^^^^^^^^^^^^^^^^^^^^^^^^^^^^^^
  File "C:\Users\01\AppData\Local\Programs\Python\Python312\Lib\site-packages\django\template\backends\django.py", line 33, in get_template
    return Template(self.engine.get_template(template_name), self)
                    ^^^^^^^^^^^^^^^^^^^^^^^^^^^^^^^^^^^^^^^
  File "C:\Users\01\AppData\Local\Programs\Python\Python312\Lib\site-packages\django\template\engine.py", line 177, in get_template
    template, origin = self.find_template(template_name)
                       ^^^^^^^^^^^^^^^^^^^^^^^^^^^^^^^^^
  File "C:\Users\01\AppData\Local\Programs\Python\Python312\Lib\site-packages\django\template\engine.py", line 159, in find_template
    template = loader.get_template(name, skip=skip)
               ^^^^^^^^^^^^^^^^^^^^^^^^^^^^^^^^^^^^
  File "C:\Users\01\AppData\Local\Programs\Python\Python312\Lib\site-packages\django\template\loaders\cached.py", line 57, in get_template
    template = super().get_template(template_name, skip)
               ^^^^^^^^^^^^^^^^^^^^^^^^^^^^^^^^^^^^^^^^^
  File "C:\Users\01\AppData\Local\Programs\Python\Python312\Lib\site-packages\django\template\loaders\base.py", line 28, in get_template
    return Template(
           ^^^^^^^^^
  File "C:\Users\01\AppData\Local\Programs\Python\Python312\Lib\site-packages\django\template\base.py", line 154, in __init__
    self.nodelist = self.compile_nodelist()
                    ^^^^^^^^^^^^^^^^^^^^^^^
  File "C:\Users\01\AppData\Local\Programs\Python\Python312\Lib\site-packages\django\template\base.py", line 196, in compile_nodelist
    return parser.parse()
           ^^^^^^^^^^^^^^
  File "C:\Users\01\AppData\Local\Programs\Python\Python312\Lib\site-packages\django\template\base.py", line 510, in parse
    raise self.error(token, e)
  File "C:\Users\01\AppData\Local\Programs\Python\Python312\Lib\site-packages\django\template\base.py", line 508, in parse
    compiled_result = compile_func(self, token)
                      ^^^^^^^^^^^^^^^^^^^^^^^^^
  File "C:\Users\01\AppData\Local\Programs\Python\Python312\Lib\site-packages\django\template\loader_tags.py", line 295, in do_extends
    nodelist = parser.parse()
               ^^^^^^^^^^^^^^
  File "C:\Users\01\AppData\Local\Programs\Python\Python312\Lib\site-packages\django\template\base.py", line 504, in parse
    self.invalid_block_tag(token, command, parse_until)
  File "C:\Users\01\AppData\Local\Programs\Python\Python312\Lib\site-packages\django\template\base.py", line 565, in invalid_block_tag
    raise self.error(
django.template.exceptions.TemplateSyntaxError: Invalid block tag on line 5: 'endblock'. Did you forget to register or load this tag?
ERROR 2024-05-20 10:38:17,356 basehttp 13256 1532"GET /less3/index/ HTTP/1.1" 500 144952
ERROR 2024-05-20 10:40:12,480 log 13256 1532Internal Server Error: /less3/index/
Traceback (most recent call last):
  File "C:\Users\01\AppData\Local\Programs\Python\Python312\Lib\site-packages\django\template\base.py", line 502, in parse
    compile_func = self.tags[command]
                   ~~~~~~~~~^^^^^^^^^
KeyError: 'endblock'

During handling of the above exception, another exception occurred:

Traceback (most recent call last):
  File "C:\Users\01\AppData\Local\Programs\Python\Python312\Lib\site-packages\django\core\handlers\exception.py", line 55, in inner
    response = get_response(request)
               ^^^^^^^^^^^^^^^^^^^^^
  File "C:\Users\01\AppData\Local\Programs\Python\Python312\Lib\site-packages\django\core\handlers\base.py", line 197, in _get_response
    response = wrapped_callback(request, *callback_args, **callback_kwargs)
               ^^^^^^^^^^^^^^^^^^^^^^^^^^^^^^^^^^^^^^^^^^^^^^^^^^^^^^^^^^^^
  File "C:\_GB_django\001\mydjango\myapp3\views.py", line 8, in index
    return render(request, 'myapp3/index.html')
           ^^^^^^^^^^^^^^^^^^^^^^^^^^^^^^^^^^^^
  File "C:\Users\01\AppData\Local\Programs\Python\Python312\Lib\site-packages\django\shortcuts.py", line 25, in render
    content = loader.render_to_string(template_name, context, request, using=using)
              ^^^^^^^^^^^^^^^^^^^^^^^^^^^^^^^^^^^^^^^^^^^^^^^^^^^^^^^^^^^^^^^^^^^^^
  File "C:\Users\01\AppData\Local\Programs\Python\Python312\Lib\site-packages\django\template\loader.py", line 61, in render_to_string
    template = get_template(template_name, using=using)
               ^^^^^^^^^^^^^^^^^^^^^^^^^^^^^^^^^^^^^^^^
  File "C:\Users\01\AppData\Local\Programs\Python\Python312\Lib\site-packages\django\template\loader.py", line 15, in get_template
    return engine.get_template(template_name)
           ^^^^^^^^^^^^^^^^^^^^^^^^^^^^^^^^^^
  File "C:\Users\01\AppData\Local\Programs\Python\Python312\Lib\site-packages\django\template\backends\django.py", line 33, in get_template
    return Template(self.engine.get_template(template_name), self)
                    ^^^^^^^^^^^^^^^^^^^^^^^^^^^^^^^^^^^^^^^
  File "C:\Users\01\AppData\Local\Programs\Python\Python312\Lib\site-packages\django\template\engine.py", line 177, in get_template
    template, origin = self.find_template(template_name)
                       ^^^^^^^^^^^^^^^^^^^^^^^^^^^^^^^^^
  File "C:\Users\01\AppData\Local\Programs\Python\Python312\Lib\site-packages\django\template\engine.py", line 159, in find_template
    template = loader.get_template(name, skip=skip)
               ^^^^^^^^^^^^^^^^^^^^^^^^^^^^^^^^^^^^
  File "C:\Users\01\AppData\Local\Programs\Python\Python312\Lib\site-packages\django\template\loaders\cached.py", line 57, in get_template
    template = super().get_template(template_name, skip)
               ^^^^^^^^^^^^^^^^^^^^^^^^^^^^^^^^^^^^^^^^^
  File "C:\Users\01\AppData\Local\Programs\Python\Python312\Lib\site-packages\django\template\loaders\base.py", line 28, in get_template
    return Template(
           ^^^^^^^^^
  File "C:\Users\01\AppData\Local\Programs\Python\Python312\Lib\site-packages\django\template\base.py", line 154, in __init__
    self.nodelist = self.compile_nodelist()
                    ^^^^^^^^^^^^^^^^^^^^^^^
  File "C:\Users\01\AppData\Local\Programs\Python\Python312\Lib\site-packages\django\template\base.py", line 196, in compile_nodelist
    return parser.parse()
           ^^^^^^^^^^^^^^
  File "C:\Users\01\AppData\Local\Programs\Python\Python312\Lib\site-packages\django\template\base.py", line 510, in parse
    raise self.error(token, e)
  File "C:\Users\01\AppData\Local\Programs\Python\Python312\Lib\site-packages\django\template\base.py", line 508, in parse
    compiled_result = compile_func(self, token)
                      ^^^^^^^^^^^^^^^^^^^^^^^^^
  File "C:\Users\01\AppData\Local\Programs\Python\Python312\Lib\site-packages\django\template\loader_tags.py", line 295, in do_extends
    nodelist = parser.parse()
               ^^^^^^^^^^^^^^
  File "C:\Users\01\AppData\Local\Programs\Python\Python312\Lib\site-packages\django\template\base.py", line 504, in parse
    self.invalid_block_tag(token, command, parse_until)
  File "C:\Users\01\AppData\Local\Programs\Python\Python312\Lib\site-packages\django\template\base.py", line 565, in invalid_block_tag
    raise self.error(
django.template.exceptions.TemplateSyntaxError: Invalid block tag on line 5: 'endblock'. Did you forget to register or load this tag?
ERROR 2024-05-20 10:40:12,490 basehttp 13256 1532"GET /less3/index/ HTTP/1.1" 500 144952
ERROR 2024-05-20 10:40:17,385 log 13256 1532Internal Server Error: /less3/index/
Traceback (most recent call last):
  File "C:\Users\01\AppData\Local\Programs\Python\Python312\Lib\site-packages\django\template\base.py", line 502, in parse
    compile_func = self.tags[command]
                   ~~~~~~~~~^^^^^^^^^
KeyError: 'endblock'

During handling of the above exception, another exception occurred:

Traceback (most recent call last):
  File "C:\Users\01\AppData\Local\Programs\Python\Python312\Lib\site-packages\django\core\handlers\exception.py", line 55, in inner
    response = get_response(request)
               ^^^^^^^^^^^^^^^^^^^^^
  File "C:\Users\01\AppData\Local\Programs\Python\Python312\Lib\site-packages\django\core\handlers\base.py", line 197, in _get_response
    response = wrapped_callback(request, *callback_args, **callback_kwargs)
               ^^^^^^^^^^^^^^^^^^^^^^^^^^^^^^^^^^^^^^^^^^^^^^^^^^^^^^^^^^^^
  File "C:\_GB_django\001\mydjango\myapp3\views.py", line 8, in index
    return render(request, 'myapp3/index.html')
           ^^^^^^^^^^^^^^^^^^^^^^^^^^^^^^^^^^^^
  File "C:\Users\01\AppData\Local\Programs\Python\Python312\Lib\site-packages\django\shortcuts.py", line 25, in render
    content = loader.render_to_string(template_name, context, request, using=using)
              ^^^^^^^^^^^^^^^^^^^^^^^^^^^^^^^^^^^^^^^^^^^^^^^^^^^^^^^^^^^^^^^^^^^^^
  File "C:\Users\01\AppData\Local\Programs\Python\Python312\Lib\site-packages\django\template\loader.py", line 61, in render_to_string
    template = get_template(template_name, using=using)
               ^^^^^^^^^^^^^^^^^^^^^^^^^^^^^^^^^^^^^^^^
  File "C:\Users\01\AppData\Local\Programs\Python\Python312\Lib\site-packages\django\template\loader.py", line 15, in get_template
    return engine.get_template(template_name)
           ^^^^^^^^^^^^^^^^^^^^^^^^^^^^^^^^^^
  File "C:\Users\01\AppData\Local\Programs\Python\Python312\Lib\site-packages\django\template\backends\django.py", line 33, in get_template
    return Template(self.engine.get_template(template_name), self)
                    ^^^^^^^^^^^^^^^^^^^^^^^^^^^^^^^^^^^^^^^
  File "C:\Users\01\AppData\Local\Programs\Python\Python312\Lib\site-packages\django\template\engine.py", line 177, in get_template
    template, origin = self.find_template(template_name)
                       ^^^^^^^^^^^^^^^^^^^^^^^^^^^^^^^^^
  File "C:\Users\01\AppData\Local\Programs\Python\Python312\Lib\site-packages\django\template\engine.py", line 159, in find_template
    template = loader.get_template(name, skip=skip)
               ^^^^^^^^^^^^^^^^^^^^^^^^^^^^^^^^^^^^
  File "C:\Users\01\AppData\Local\Programs\Python\Python312\Lib\site-packages\django\template\loaders\cached.py", line 57, in get_template
    template = super().get_template(template_name, skip)
               ^^^^^^^^^^^^^^^^^^^^^^^^^^^^^^^^^^^^^^^^^
  File "C:\Users\01\AppData\Local\Programs\Python\Python312\Lib\site-packages\django\template\loaders\base.py", line 28, in get_template
    return Template(
           ^^^^^^^^^
  File "C:\Users\01\AppData\Local\Programs\Python\Python312\Lib\site-packages\django\template\base.py", line 154, in __init__
    self.nodelist = self.compile_nodelist()
                    ^^^^^^^^^^^^^^^^^^^^^^^
  File "C:\Users\01\AppData\Local\Programs\Python\Python312\Lib\site-packages\django\template\base.py", line 196, in compile_nodelist
    return parser.parse()
           ^^^^^^^^^^^^^^
  File "C:\Users\01\AppData\Local\Programs\Python\Python312\Lib\site-packages\django\template\base.py", line 510, in parse
    raise self.error(token, e)
  File "C:\Users\01\AppData\Local\Programs\Python\Python312\Lib\site-packages\django\template\base.py", line 508, in parse
    compiled_result = compile_func(self, token)
                      ^^^^^^^^^^^^^^^^^^^^^^^^^
  File "C:\Users\01\AppData\Local\Programs\Python\Python312\Lib\site-packages\django\template\loader_tags.py", line 295, in do_extends
    nodelist = parser.parse()
               ^^^^^^^^^^^^^^
  File "C:\Users\01\AppData\Local\Programs\Python\Python312\Lib\site-packages\django\template\base.py", line 504, in parse
    self.invalid_block_tag(token, command, parse_until)
  File "C:\Users\01\AppData\Local\Programs\Python\Python312\Lib\site-packages\django\template\base.py", line 565, in invalid_block_tag
    raise self.error(
django.template.exceptions.TemplateSyntaxError: Invalid block tag on line 5: 'endblock'. Did you forget to register or load this tag?
ERROR 2024-05-20 10:40:17,394 basehttp 13256 1532"GET /less3/index/ HTTP/1.1" 500 144952
ERROR 2024-05-20 10:41:03,522 log 13256 1532Internal Server Error: /less3/index/
Traceback (most recent call last):
  File "C:\Users\01\AppData\Local\Programs\Python\Python312\Lib\site-packages\django\template\base.py", line 502, in parse
    compile_func = self.tags[command]
                   ~~~~~~~~~^^^^^^^^^
KeyError: 'endblock'

During handling of the above exception, another exception occurred:

Traceback (most recent call last):
  File "C:\Users\01\AppData\Local\Programs\Python\Python312\Lib\site-packages\django\core\handlers\exception.py", line 55, in inner
    response = get_response(request)
               ^^^^^^^^^^^^^^^^^^^^^
  File "C:\Users\01\AppData\Local\Programs\Python\Python312\Lib\site-packages\django\core\handlers\base.py", line 197, in _get_response
    response = wrapped_callback(request, *callback_args, **callback_kwargs)
               ^^^^^^^^^^^^^^^^^^^^^^^^^^^^^^^^^^^^^^^^^^^^^^^^^^^^^^^^^^^^
  File "C:\_GB_django\001\mydjango\myapp3\views.py", line 8, in index
    return render(request, 'myapp3/index.html')
           ^^^^^^^^^^^^^^^^^^^^^^^^^^^^^^^^^^^^
  File "C:\Users\01\AppData\Local\Programs\Python\Python312\Lib\site-packages\django\shortcuts.py", line 25, in render
    content = loader.render_to_string(template_name, context, request, using=using)
              ^^^^^^^^^^^^^^^^^^^^^^^^^^^^^^^^^^^^^^^^^^^^^^^^^^^^^^^^^^^^^^^^^^^^^
  File "C:\Users\01\AppData\Local\Programs\Python\Python312\Lib\site-packages\django\template\loader.py", line 61, in render_to_string
    template = get_template(template_name, using=using)
               ^^^^^^^^^^^^^^^^^^^^^^^^^^^^^^^^^^^^^^^^
  File "C:\Users\01\AppData\Local\Programs\Python\Python312\Lib\site-packages\django\template\loader.py", line 15, in get_template
    return engine.get_template(template_name)
           ^^^^^^^^^^^^^^^^^^^^^^^^^^^^^^^^^^
  File "C:\Users\01\AppData\Local\Programs\Python\Python312\Lib\site-packages\django\template\backends\django.py", line 33, in get_template
    return Template(self.engine.get_template(template_name), self)
                    ^^^^^^^^^^^^^^^^^^^^^^^^^^^^^^^^^^^^^^^
  File "C:\Users\01\AppData\Local\Programs\Python\Python312\Lib\site-packages\django\template\engine.py", line 177, in get_template
    template, origin = self.find_template(template_name)
                       ^^^^^^^^^^^^^^^^^^^^^^^^^^^^^^^^^
  File "C:\Users\01\AppData\Local\Programs\Python\Python312\Lib\site-packages\django\template\engine.py", line 159, in find_template
    template = loader.get_template(name, skip=skip)
               ^^^^^^^^^^^^^^^^^^^^^^^^^^^^^^^^^^^^
  File "C:\Users\01\AppData\Local\Programs\Python\Python312\Lib\site-packages\django\template\loaders\cached.py", line 57, in get_template
    template = super().get_template(template_name, skip)
               ^^^^^^^^^^^^^^^^^^^^^^^^^^^^^^^^^^^^^^^^^
  File "C:\Users\01\AppData\Local\Programs\Python\Python312\Lib\site-packages\django\template\loaders\base.py", line 28, in get_template
    return Template(
           ^^^^^^^^^
  File "C:\Users\01\AppData\Local\Programs\Python\Python312\Lib\site-packages\django\template\base.py", line 154, in __init__
    self.nodelist = self.compile_nodelist()
                    ^^^^^^^^^^^^^^^^^^^^^^^
  File "C:\Users\01\AppData\Local\Programs\Python\Python312\Lib\site-packages\django\template\base.py", line 196, in compile_nodelist
    return parser.parse()
           ^^^^^^^^^^^^^^
  File "C:\Users\01\AppData\Local\Programs\Python\Python312\Lib\site-packages\django\template\base.py", line 510, in parse
    raise self.error(token, e)
  File "C:\Users\01\AppData\Local\Programs\Python\Python312\Lib\site-packages\django\template\base.py", line 508, in parse
    compiled_result = compile_func(self, token)
                      ^^^^^^^^^^^^^^^^^^^^^^^^^
  File "C:\Users\01\AppData\Local\Programs\Python\Python312\Lib\site-packages\django\template\loader_tags.py", line 295, in do_extends
    nodelist = parser.parse()
               ^^^^^^^^^^^^^^
  File "C:\Users\01\AppData\Local\Programs\Python\Python312\Lib\site-packages\django\template\base.py", line 504, in parse
    self.invalid_block_tag(token, command, parse_until)
  File "C:\Users\01\AppData\Local\Programs\Python\Python312\Lib\site-packages\django\template\base.py", line 565, in invalid_block_tag
    raise self.error(
django.template.exceptions.TemplateSyntaxError: Invalid block tag on line 5: 'endblock'. Did you forget to register or load this tag?
ERROR 2024-05-20 10:41:03,530 basehttp 13256 1532"GET /less3/index/ HTTP/1.1" 500 144952
ERROR 2024-05-20 10:42:08,064 log 13256 1532Internal Server Error: /less3/index/
Traceback (most recent call last):
  File "C:\Users\01\AppData\Local\Programs\Python\Python312\Lib\site-packages\django\template\base.py", line 502, in parse
    compile_func = self.tags[command]
                   ~~~~~~~~~^^^^^^^^^
KeyError: 'endblock'

During handling of the above exception, another exception occurred:

Traceback (most recent call last):
  File "C:\Users\01\AppData\Local\Programs\Python\Python312\Lib\site-packages\django\core\handlers\exception.py", line 55, in inner
    response = get_response(request)
               ^^^^^^^^^^^^^^^^^^^^^
  File "C:\Users\01\AppData\Local\Programs\Python\Python312\Lib\site-packages\django\core\handlers\base.py", line 197, in _get_response
    response = wrapped_callback(request, *callback_args, **callback_kwargs)
               ^^^^^^^^^^^^^^^^^^^^^^^^^^^^^^^^^^^^^^^^^^^^^^^^^^^^^^^^^^^^
  File "C:\_GB_django\001\mydjango\myapp3\views.py", line 8, in index
    return render(request, 'myapp3/index.html')
           ^^^^^^^^^^^^^^^^^^^^^^^^^^^^^^^^^^^^
  File "C:\Users\01\AppData\Local\Programs\Python\Python312\Lib\site-packages\django\shortcuts.py", line 25, in render
    content = loader.render_to_string(template_name, context, request, using=using)
              ^^^^^^^^^^^^^^^^^^^^^^^^^^^^^^^^^^^^^^^^^^^^^^^^^^^^^^^^^^^^^^^^^^^^^
  File "C:\Users\01\AppData\Local\Programs\Python\Python312\Lib\site-packages\django\template\loader.py", line 61, in render_to_string
    template = get_template(template_name, using=using)
               ^^^^^^^^^^^^^^^^^^^^^^^^^^^^^^^^^^^^^^^^
  File "C:\Users\01\AppData\Local\Programs\Python\Python312\Lib\site-packages\django\template\loader.py", line 15, in get_template
    return engine.get_template(template_name)
           ^^^^^^^^^^^^^^^^^^^^^^^^^^^^^^^^^^
  File "C:\Users\01\AppData\Local\Programs\Python\Python312\Lib\site-packages\django\template\backends\django.py", line 33, in get_template
    return Template(self.engine.get_template(template_name), self)
                    ^^^^^^^^^^^^^^^^^^^^^^^^^^^^^^^^^^^^^^^
  File "C:\Users\01\AppData\Local\Programs\Python\Python312\Lib\site-packages\django\template\engine.py", line 177, in get_template
    template, origin = self.find_template(template_name)
                       ^^^^^^^^^^^^^^^^^^^^^^^^^^^^^^^^^
  File "C:\Users\01\AppData\Local\Programs\Python\Python312\Lib\site-packages\django\template\engine.py", line 159, in find_template
    template = loader.get_template(name, skip=skip)
               ^^^^^^^^^^^^^^^^^^^^^^^^^^^^^^^^^^^^
  File "C:\Users\01\AppData\Local\Programs\Python\Python312\Lib\site-packages\django\template\loaders\cached.py", line 57, in get_template
    template = super().get_template(template_name, skip)
               ^^^^^^^^^^^^^^^^^^^^^^^^^^^^^^^^^^^^^^^^^
  File "C:\Users\01\AppData\Local\Programs\Python\Python312\Lib\site-packages\django\template\loaders\base.py", line 28, in get_template
    return Template(
           ^^^^^^^^^
  File "C:\Users\01\AppData\Local\Programs\Python\Python312\Lib\site-packages\django\template\base.py", line 154, in __init__
    self.nodelist = self.compile_nodelist()
                    ^^^^^^^^^^^^^^^^^^^^^^^
  File "C:\Users\01\AppData\Local\Programs\Python\Python312\Lib\site-packages\django\template\base.py", line 196, in compile_nodelist
    return parser.parse()
           ^^^^^^^^^^^^^^
  File "C:\Users\01\AppData\Local\Programs\Python\Python312\Lib\site-packages\django\template\base.py", line 510, in parse
    raise self.error(token, e)
  File "C:\Users\01\AppData\Local\Programs\Python\Python312\Lib\site-packages\django\template\base.py", line 508, in parse
    compiled_result = compile_func(self, token)
                      ^^^^^^^^^^^^^^^^^^^^^^^^^
  File "C:\Users\01\AppData\Local\Programs\Python\Python312\Lib\site-packages\django\template\loader_tags.py", line 295, in do_extends
    nodelist = parser.parse()
               ^^^^^^^^^^^^^^
  File "C:\Users\01\AppData\Local\Programs\Python\Python312\Lib\site-packages\django\template\base.py", line 504, in parse
    self.invalid_block_tag(token, command, parse_until)
  File "C:\Users\01\AppData\Local\Programs\Python\Python312\Lib\site-packages\django\template\base.py", line 565, in invalid_block_tag
    raise self.error(
django.template.exceptions.TemplateSyntaxError: Invalid block tag on line 5: 'endblock'. Did you forget to register or load this tag?
ERROR 2024-05-20 10:42:08,074 basehttp 13256 1532"GET /less3/index/ HTTP/1.1" 500 144952
INFO 2024-05-20 10:42:18,025 basehttp 13256 1532"GET /less3/index/ HTTP/1.1" 200 174
ERROR 2024-05-20 10:43:48,177 log 13256 1532Internal Server Error: /less3/index/
Traceback (most recent call last):
  File "C:\Users\01\AppData\Local\Programs\Python\Python312\Lib\site-packages\django\template\base.py", line 502, in parse
    compile_func = self.tags[command]
                   ~~~~~~~~~^^^^^^^^^
KeyError: 'endblock'

During handling of the above exception, another exception occurred:

Traceback (most recent call last):
  File "C:\Users\01\AppData\Local\Programs\Python\Python312\Lib\site-packages\django\core\handlers\exception.py", line 55, in inner
    response = get_response(request)
               ^^^^^^^^^^^^^^^^^^^^^
  File "C:\Users\01\AppData\Local\Programs\Python\Python312\Lib\site-packages\django\core\handlers\base.py", line 197, in _get_response
    response = wrapped_callback(request, *callback_args, **callback_kwargs)
               ^^^^^^^^^^^^^^^^^^^^^^^^^^^^^^^^^^^^^^^^^^^^^^^^^^^^^^^^^^^^
  File "C:\_GB_django\001\mydjango\myapp3\views.py", line 8, in index
    return render(request, 'myapp3/index.html')
           ^^^^^^^^^^^^^^^^^^^^^^^^^^^^^^^^^^^^
  File "C:\Users\01\AppData\Local\Programs\Python\Python312\Lib\site-packages\django\shortcuts.py", line 25, in render
    content = loader.render_to_string(template_name, context, request, using=using)
              ^^^^^^^^^^^^^^^^^^^^^^^^^^^^^^^^^^^^^^^^^^^^^^^^^^^^^^^^^^^^^^^^^^^^^
  File "C:\Users\01\AppData\Local\Programs\Python\Python312\Lib\site-packages\django\template\loader.py", line 61, in render_to_string
    template = get_template(template_name, using=using)
               ^^^^^^^^^^^^^^^^^^^^^^^^^^^^^^^^^^^^^^^^
  File "C:\Users\01\AppData\Local\Programs\Python\Python312\Lib\site-packages\django\template\loader.py", line 15, in get_template
    return engine.get_template(template_name)
           ^^^^^^^^^^^^^^^^^^^^^^^^^^^^^^^^^^
  File "C:\Users\01\AppData\Local\Programs\Python\Python312\Lib\site-packages\django\template\backends\django.py", line 33, in get_template
    return Template(self.engine.get_template(template_name), self)
                    ^^^^^^^^^^^^^^^^^^^^^^^^^^^^^^^^^^^^^^^
  File "C:\Users\01\AppData\Local\Programs\Python\Python312\Lib\site-packages\django\template\engine.py", line 177, in get_template
    template, origin = self.find_template(template_name)
                       ^^^^^^^^^^^^^^^^^^^^^^^^^^^^^^^^^
  File "C:\Users\01\AppData\Local\Programs\Python\Python312\Lib\site-packages\django\template\engine.py", line 159, in find_template
    template = loader.get_template(name, skip=skip)
               ^^^^^^^^^^^^^^^^^^^^^^^^^^^^^^^^^^^^
  File "C:\Users\01\AppData\Local\Programs\Python\Python312\Lib\site-packages\django\template\loaders\cached.py", line 57, in get_template
    template = super().get_template(template_name, skip)
               ^^^^^^^^^^^^^^^^^^^^^^^^^^^^^^^^^^^^^^^^^
  File "C:\Users\01\AppData\Local\Programs\Python\Python312\Lib\site-packages\django\template\loaders\base.py", line 28, in get_template
    return Template(
           ^^^^^^^^^
  File "C:\Users\01\AppData\Local\Programs\Python\Python312\Lib\site-packages\django\template\base.py", line 154, in __init__
    self.nodelist = self.compile_nodelist()
                    ^^^^^^^^^^^^^^^^^^^^^^^
  File "C:\Users\01\AppData\Local\Programs\Python\Python312\Lib\site-packages\django\template\base.py", line 196, in compile_nodelist
    return parser.parse()
           ^^^^^^^^^^^^^^
  File "C:\Users\01\AppData\Local\Programs\Python\Python312\Lib\site-packages\django\template\base.py", line 510, in parse
    raise self.error(token, e)
  File "C:\Users\01\AppData\Local\Programs\Python\Python312\Lib\site-packages\django\template\base.py", line 508, in parse
    compiled_result = compile_func(self, token)
                      ^^^^^^^^^^^^^^^^^^^^^^^^^
  File "C:\Users\01\AppData\Local\Programs\Python\Python312\Lib\site-packages\django\template\loader_tags.py", line 295, in do_extends
    nodelist = parser.parse()
               ^^^^^^^^^^^^^^
  File "C:\Users\01\AppData\Local\Programs\Python\Python312\Lib\site-packages\django\template\base.py", line 504, in parse
    self.invalid_block_tag(token, command, parse_until)
  File "C:\Users\01\AppData\Local\Programs\Python\Python312\Lib\site-packages\django\template\base.py", line 565, in invalid_block_tag
    raise self.error(
django.template.exceptions.TemplateSyntaxError: Invalid block tag on line 5: 'endblock'. Did you forget to register or load this tag?
ERROR 2024-05-20 10:43:48,185 basehttp 13256 1532"GET /less3/index/ HTTP/1.1" 500 144952
ERROR 2024-05-20 10:45:56,986 log 13256 1532Internal Server Error: /less3/index/
Traceback (most recent call last):
  File "C:\Users\01\AppData\Local\Programs\Python\Python312\Lib\site-packages\django\template\base.py", line 502, in parse
    compile_func = self.tags[command]
                   ~~~~~~~~~^^^^^^^^^
KeyError: 'endblock'

During handling of the above exception, another exception occurred:

Traceback (most recent call last):
  File "C:\Users\01\AppData\Local\Programs\Python\Python312\Lib\site-packages\django\core\handlers\exception.py", line 55, in inner
    response = get_response(request)
               ^^^^^^^^^^^^^^^^^^^^^
  File "C:\Users\01\AppData\Local\Programs\Python\Python312\Lib\site-packages\django\core\handlers\base.py", line 197, in _get_response
    response = wrapped_callback(request, *callback_args, **callback_kwargs)
               ^^^^^^^^^^^^^^^^^^^^^^^^^^^^^^^^^^^^^^^^^^^^^^^^^^^^^^^^^^^^
  File "C:\_GB_django\001\mydjango\myapp3\views.py", line 8, in index
    return render(request, 'myapp3/index.html')
           ^^^^^^^^^^^^^^^^^^^^^^^^^^^^^^^^^^^^
  File "C:\Users\01\AppData\Local\Programs\Python\Python312\Lib\site-packages\django\shortcuts.py", line 25, in render
    content = loader.render_to_string(template_name, context, request, using=using)
              ^^^^^^^^^^^^^^^^^^^^^^^^^^^^^^^^^^^^^^^^^^^^^^^^^^^^^^^^^^^^^^^^^^^^^
  File "C:\Users\01\AppData\Local\Programs\Python\Python312\Lib\site-packages\django\template\loader.py", line 61, in render_to_string
    template = get_template(template_name, using=using)
               ^^^^^^^^^^^^^^^^^^^^^^^^^^^^^^^^^^^^^^^^
  File "C:\Users\01\AppData\Local\Programs\Python\Python312\Lib\site-packages\django\template\loader.py", line 15, in get_template
    return engine.get_template(template_name)
           ^^^^^^^^^^^^^^^^^^^^^^^^^^^^^^^^^^
  File "C:\Users\01\AppData\Local\Programs\Python\Python312\Lib\site-packages\django\template\backends\django.py", line 33, in get_template
    return Template(self.engine.get_template(template_name), self)
                    ^^^^^^^^^^^^^^^^^^^^^^^^^^^^^^^^^^^^^^^
  File "C:\Users\01\AppData\Local\Programs\Python\Python312\Lib\site-packages\django\template\engine.py", line 177, in get_template
    template, origin = self.find_template(template_name)
                       ^^^^^^^^^^^^^^^^^^^^^^^^^^^^^^^^^
  File "C:\Users\01\AppData\Local\Programs\Python\Python312\Lib\site-packages\django\template\engine.py", line 159, in find_template
    template = loader.get_template(name, skip=skip)
               ^^^^^^^^^^^^^^^^^^^^^^^^^^^^^^^^^^^^
  File "C:\Users\01\AppData\Local\Programs\Python\Python312\Lib\site-packages\django\template\loaders\cached.py", line 57, in get_template
    template = super().get_template(template_name, skip)
               ^^^^^^^^^^^^^^^^^^^^^^^^^^^^^^^^^^^^^^^^^
  File "C:\Users\01\AppData\Local\Programs\Python\Python312\Lib\site-packages\django\template\loaders\base.py", line 28, in get_template
    return Template(
           ^^^^^^^^^
  File "C:\Users\01\AppData\Local\Programs\Python\Python312\Lib\site-packages\django\template\base.py", line 154, in __init__
    self.nodelist = self.compile_nodelist()
                    ^^^^^^^^^^^^^^^^^^^^^^^
  File "C:\Users\01\AppData\Local\Programs\Python\Python312\Lib\site-packages\django\template\base.py", line 196, in compile_nodelist
    return parser.parse()
           ^^^^^^^^^^^^^^
  File "C:\Users\01\AppData\Local\Programs\Python\Python312\Lib\site-packages\django\template\base.py", line 510, in parse
    raise self.error(token, e)
  File "C:\Users\01\AppData\Local\Programs\Python\Python312\Lib\site-packages\django\template\base.py", line 508, in parse
    compiled_result = compile_func(self, token)
                      ^^^^^^^^^^^^^^^^^^^^^^^^^
  File "C:\Users\01\AppData\Local\Programs\Python\Python312\Lib\site-packages\django\template\loader_tags.py", line 295, in do_extends
    nodelist = parser.parse()
               ^^^^^^^^^^^^^^
  File "C:\Users\01\AppData\Local\Programs\Python\Python312\Lib\site-packages\django\template\base.py", line 504, in parse
    self.invalid_block_tag(token, command, parse_until)
  File "C:\Users\01\AppData\Local\Programs\Python\Python312\Lib\site-packages\django\template\base.py", line 565, in invalid_block_tag
    raise self.error(
django.template.exceptions.TemplateSyntaxError: Invalid block tag on line 5: 'endblock'. Did you forget to register or load this tag?
ERROR 2024-05-20 10:45:56,994 basehttp 13256 1532"GET /less3/index/ HTTP/1.1" 500 144952
ERROR 2024-05-20 10:46:24,438 log 13256 1532Internal Server Error: /less3/index/
Traceback (most recent call last):
  File "C:\Users\01\AppData\Local\Programs\Python\Python312\Lib\site-packages\django\template\base.py", line 502, in parse
    compile_func = self.tags[command]
                   ~~~~~~~~~^^^^^^^^^
KeyError: 'endblock'

During handling of the above exception, another exception occurred:

Traceback (most recent call last):
  File "C:\Users\01\AppData\Local\Programs\Python\Python312\Lib\site-packages\django\core\handlers\exception.py", line 55, in inner
    response = get_response(request)
               ^^^^^^^^^^^^^^^^^^^^^
  File "C:\Users\01\AppData\Local\Programs\Python\Python312\Lib\site-packages\django\core\handlers\base.py", line 197, in _get_response
    response = wrapped_callback(request, *callback_args, **callback_kwargs)
               ^^^^^^^^^^^^^^^^^^^^^^^^^^^^^^^^^^^^^^^^^^^^^^^^^^^^^^^^^^^^
  File "C:\_GB_django\001\mydjango\myapp3\views.py", line 8, in index
    return render(request, 'myapp3/index.html')
           ^^^^^^^^^^^^^^^^^^^^^^^^^^^^^^^^^^^^
  File "C:\Users\01\AppData\Local\Programs\Python\Python312\Lib\site-packages\django\shortcuts.py", line 25, in render
    content = loader.render_to_string(template_name, context, request, using=using)
              ^^^^^^^^^^^^^^^^^^^^^^^^^^^^^^^^^^^^^^^^^^^^^^^^^^^^^^^^^^^^^^^^^^^^^
  File "C:\Users\01\AppData\Local\Programs\Python\Python312\Lib\site-packages\django\template\loader.py", line 61, in render_to_string
    template = get_template(template_name, using=using)
               ^^^^^^^^^^^^^^^^^^^^^^^^^^^^^^^^^^^^^^^^
  File "C:\Users\01\AppData\Local\Programs\Python\Python312\Lib\site-packages\django\template\loader.py", line 15, in get_template
    return engine.get_template(template_name)
           ^^^^^^^^^^^^^^^^^^^^^^^^^^^^^^^^^^
  File "C:\Users\01\AppData\Local\Programs\Python\Python312\Lib\site-packages\django\template\backends\django.py", line 33, in get_template
    return Template(self.engine.get_template(template_name), self)
                    ^^^^^^^^^^^^^^^^^^^^^^^^^^^^^^^^^^^^^^^
  File "C:\Users\01\AppData\Local\Programs\Python\Python312\Lib\site-packages\django\template\engine.py", line 177, in get_template
    template, origin = self.find_template(template_name)
                       ^^^^^^^^^^^^^^^^^^^^^^^^^^^^^^^^^
  File "C:\Users\01\AppData\Local\Programs\Python\Python312\Lib\site-packages\django\template\engine.py", line 159, in find_template
    template = loader.get_template(name, skip=skip)
               ^^^^^^^^^^^^^^^^^^^^^^^^^^^^^^^^^^^^
  File "C:\Users\01\AppData\Local\Programs\Python\Python312\Lib\site-packages\django\template\loaders\cached.py", line 57, in get_template
    template = super().get_template(template_name, skip)
               ^^^^^^^^^^^^^^^^^^^^^^^^^^^^^^^^^^^^^^^^^
  File "C:\Users\01\AppData\Local\Programs\Python\Python312\Lib\site-packages\django\template\loaders\base.py", line 28, in get_template
    return Template(
           ^^^^^^^^^
  File "C:\Users\01\AppData\Local\Programs\Python\Python312\Lib\site-packages\django\template\base.py", line 154, in __init__
    self.nodelist = self.compile_nodelist()
                    ^^^^^^^^^^^^^^^^^^^^^^^
  File "C:\Users\01\AppData\Local\Programs\Python\Python312\Lib\site-packages\django\template\base.py", line 196, in compile_nodelist
    return parser.parse()
           ^^^^^^^^^^^^^^
  File "C:\Users\01\AppData\Local\Programs\Python\Python312\Lib\site-packages\django\template\base.py", line 510, in parse
    raise self.error(token, e)
  File "C:\Users\01\AppData\Local\Programs\Python\Python312\Lib\site-packages\django\template\base.py", line 508, in parse
    compiled_result = compile_func(self, token)
                      ^^^^^^^^^^^^^^^^^^^^^^^^^
  File "C:\Users\01\AppData\Local\Programs\Python\Python312\Lib\site-packages\django\template\loader_tags.py", line 295, in do_extends
    nodelist = parser.parse()
               ^^^^^^^^^^^^^^
  File "C:\Users\01\AppData\Local\Programs\Python\Python312\Lib\site-packages\django\template\base.py", line 504, in parse
    self.invalid_block_tag(token, command, parse_until)
  File "C:\Users\01\AppData\Local\Programs\Python\Python312\Lib\site-packages\django\template\base.py", line 565, in invalid_block_tag
    raise self.error(
django.template.exceptions.TemplateSyntaxError: Invalid block tag on line 5: 'endblock'. Did you forget to register or load this tag?
ERROR 2024-05-20 10:46:24,447 basehttp 13256 1532"GET /less3/index/ HTTP/1.1" 500 144970
ERROR 2024-05-20 10:47:44,971 log 13256 1532Internal Server Error: /less3/index/
Traceback (most recent call last):
  File "C:\Users\01\AppData\Local\Programs\Python\Python312\Lib\site-packages\django\template\base.py", line 502, in parse
    compile_func = self.tags[command]
                   ~~~~~~~~~^^^^^^^^^
KeyError: 'endblock'

During handling of the above exception, another exception occurred:

Traceback (most recent call last):
  File "C:\Users\01\AppData\Local\Programs\Python\Python312\Lib\site-packages\django\core\handlers\exception.py", line 55, in inner
    response = get_response(request)
               ^^^^^^^^^^^^^^^^^^^^^
  File "C:\Users\01\AppData\Local\Programs\Python\Python312\Lib\site-packages\django\core\handlers\base.py", line 197, in _get_response
    response = wrapped_callback(request, *callback_args, **callback_kwargs)
               ^^^^^^^^^^^^^^^^^^^^^^^^^^^^^^^^^^^^^^^^^^^^^^^^^^^^^^^^^^^^
  File "C:\_GB_django\001\mydjango\myapp3\views.py", line 8, in index
    return render(request, 'myapp3/index.html')
           ^^^^^^^^^^^^^^^^^^^^^^^^^^^^^^^^^^^^
  File "C:\Users\01\AppData\Local\Programs\Python\Python312\Lib\site-packages\django\shortcuts.py", line 25, in render
    content = loader.render_to_string(template_name, context, request, using=using)
              ^^^^^^^^^^^^^^^^^^^^^^^^^^^^^^^^^^^^^^^^^^^^^^^^^^^^^^^^^^^^^^^^^^^^^
  File "C:\Users\01\AppData\Local\Programs\Python\Python312\Lib\site-packages\django\template\loader.py", line 61, in render_to_string
    template = get_template(template_name, using=using)
               ^^^^^^^^^^^^^^^^^^^^^^^^^^^^^^^^^^^^^^^^
  File "C:\Users\01\AppData\Local\Programs\Python\Python312\Lib\site-packages\django\template\loader.py", line 15, in get_template
    return engine.get_template(template_name)
           ^^^^^^^^^^^^^^^^^^^^^^^^^^^^^^^^^^
  File "C:\Users\01\AppData\Local\Programs\Python\Python312\Lib\site-packages\django\template\backends\django.py", line 33, in get_template
    return Template(self.engine.get_template(template_name), self)
                    ^^^^^^^^^^^^^^^^^^^^^^^^^^^^^^^^^^^^^^^
  File "C:\Users\01\AppData\Local\Programs\Python\Python312\Lib\site-packages\django\template\engine.py", line 177, in get_template
    template, origin = self.find_template(template_name)
                       ^^^^^^^^^^^^^^^^^^^^^^^^^^^^^^^^^
  File "C:\Users\01\AppData\Local\Programs\Python\Python312\Lib\site-packages\django\template\engine.py", line 159, in find_template
    template = loader.get_template(name, skip=skip)
               ^^^^^^^^^^^^^^^^^^^^^^^^^^^^^^^^^^^^
  File "C:\Users\01\AppData\Local\Programs\Python\Python312\Lib\site-packages\django\template\loaders\cached.py", line 57, in get_template
    template = super().get_template(template_name, skip)
               ^^^^^^^^^^^^^^^^^^^^^^^^^^^^^^^^^^^^^^^^^
  File "C:\Users\01\AppData\Local\Programs\Python\Python312\Lib\site-packages\django\template\loaders\base.py", line 28, in get_template
    return Template(
           ^^^^^^^^^
  File "C:\Users\01\AppData\Local\Programs\Python\Python312\Lib\site-packages\django\template\base.py", line 154, in __init__
    self.nodelist = self.compile_nodelist()
                    ^^^^^^^^^^^^^^^^^^^^^^^
  File "C:\Users\01\AppData\Local\Programs\Python\Python312\Lib\site-packages\django\template\base.py", line 196, in compile_nodelist
    return parser.parse()
           ^^^^^^^^^^^^^^
  File "C:\Users\01\AppData\Local\Programs\Python\Python312\Lib\site-packages\django\template\base.py", line 510, in parse
    raise self.error(token, e)
  File "C:\Users\01\AppData\Local\Programs\Python\Python312\Lib\site-packages\django\template\base.py", line 508, in parse
    compiled_result = compile_func(self, token)
                      ^^^^^^^^^^^^^^^^^^^^^^^^^
  File "C:\Users\01\AppData\Local\Programs\Python\Python312\Lib\site-packages\django\template\loader_tags.py", line 295, in do_extends
    nodelist = parser.parse()
               ^^^^^^^^^^^^^^
  File "C:\Users\01\AppData\Local\Programs\Python\Python312\Lib\site-packages\django\template\base.py", line 504, in parse
    self.invalid_block_tag(token, command, parse_until)
  File "C:\Users\01\AppData\Local\Programs\Python\Python312\Lib\site-packages\django\template\base.py", line 565, in invalid_block_tag
    raise self.error(
django.template.exceptions.TemplateSyntaxError: Invalid block tag on line 5: 'endblock'. Did you forget to register or load this tag?
ERROR 2024-05-20 10:47:44,980 basehttp 13256 1532"GET /less3/index/ HTTP/1.1" 500 144952
INFO 2024-05-20 10:49:51,759 autoreload 13256 2616C:\_GB_django\001\mydjango\myapp3\views.py changed, reloading.
INFO 2024-05-20 10:49:52,576 autoreload 10456 10844Watching for file changes with StatReloader
INFO 2024-05-20 10:49:57,466 autoreload 10456 10844C:\_GB_django\001\mydjango\myapp3\urls.py changed, reloading.
INFO 2024-05-20 10:49:58,145 autoreload 12480 1144Watching for file changes with StatReloader
INFO 2024-05-20 10:50:00,947 autoreload 12480 1144C:\_GB_django\001\mydjango\myapp3\urls.py changed, reloading.
INFO 2024-05-20 10:50:01,671 autoreload 11316 3756Watching for file changes with StatReloader
ERROR 2024-05-20 10:50:05,609 log 11316 14292Internal Server Error: /less3/about/
Traceback (most recent call last):
  File "C:\Users\01\AppData\Local\Programs\Python\Python312\Lib\site-packages\django\template\base.py", line 502, in parse
    compile_func = self.tags[command]
                   ~~~~~~~~~^^^^^^^^^
KeyError: 'endblock'

During handling of the above exception, another exception occurred:

Traceback (most recent call last):
  File "C:\Users\01\AppData\Local\Programs\Python\Python312\Lib\site-packages\django\core\handlers\exception.py", line 55, in inner
    response = get_response(request)
               ^^^^^^^^^^^^^^^^^^^^^
  File "C:\Users\01\AppData\Local\Programs\Python\Python312\Lib\site-packages\django\core\handlers\base.py", line 197, in _get_response
    response = wrapped_callback(request, *callback_args, **callback_kwargs)
               ^^^^^^^^^^^^^^^^^^^^^^^^^^^^^^^^^^^^^^^^^^^^^^^^^^^^^^^^^^^^
  File "C:\_GB_django\001\mydjango\myapp3\views.py", line 8, in about
    return render(request, 'myapp3/about.html')
           ^^^^^^^^^^^^^^^^^^^^^^^^^^^^^^^^^^^^
  File "C:\Users\01\AppData\Local\Programs\Python\Python312\Lib\site-packages\django\shortcuts.py", line 25, in render
    content = loader.render_to_string(template_name, context, request, using=using)
              ^^^^^^^^^^^^^^^^^^^^^^^^^^^^^^^^^^^^^^^^^^^^^^^^^^^^^^^^^^^^^^^^^^^^^
  File "C:\Users\01\AppData\Local\Programs\Python\Python312\Lib\site-packages\django\template\loader.py", line 61, in render_to_string
    template = get_template(template_name, using=using)
               ^^^^^^^^^^^^^^^^^^^^^^^^^^^^^^^^^^^^^^^^
  File "C:\Users\01\AppData\Local\Programs\Python\Python312\Lib\site-packages\django\template\loader.py", line 15, in get_template
    return engine.get_template(template_name)
           ^^^^^^^^^^^^^^^^^^^^^^^^^^^^^^^^^^
  File "C:\Users\01\AppData\Local\Programs\Python\Python312\Lib\site-packages\django\template\backends\django.py", line 33, in get_template
    return Template(self.engine.get_template(template_name), self)
                    ^^^^^^^^^^^^^^^^^^^^^^^^^^^^^^^^^^^^^^^
  File "C:\Users\01\AppData\Local\Programs\Python\Python312\Lib\site-packages\django\template\engine.py", line 177, in get_template
    template, origin = self.find_template(template_name)
                       ^^^^^^^^^^^^^^^^^^^^^^^^^^^^^^^^^
  File "C:\Users\01\AppData\Local\Programs\Python\Python312\Lib\site-packages\django\template\engine.py", line 159, in find_template
    template = loader.get_template(name, skip=skip)
               ^^^^^^^^^^^^^^^^^^^^^^^^^^^^^^^^^^^^
  File "C:\Users\01\AppData\Local\Programs\Python\Python312\Lib\site-packages\django\template\loaders\cached.py", line 57, in get_template
    template = super().get_template(template_name, skip)
               ^^^^^^^^^^^^^^^^^^^^^^^^^^^^^^^^^^^^^^^^^
  File "C:\Users\01\AppData\Local\Programs\Python\Python312\Lib\site-packages\django\template\loaders\base.py", line 28, in get_template
    return Template(
           ^^^^^^^^^
  File "C:\Users\01\AppData\Local\Programs\Python\Python312\Lib\site-packages\django\template\base.py", line 154, in __init__
    self.nodelist = self.compile_nodelist()
                    ^^^^^^^^^^^^^^^^^^^^^^^
  File "C:\Users\01\AppData\Local\Programs\Python\Python312\Lib\site-packages\django\template\base.py", line 196, in compile_nodelist
    return parser.parse()
           ^^^^^^^^^^^^^^
  File "C:\Users\01\AppData\Local\Programs\Python\Python312\Lib\site-packages\django\template\base.py", line 510, in parse
    raise self.error(token, e)
  File "C:\Users\01\AppData\Local\Programs\Python\Python312\Lib\site-packages\django\template\base.py", line 508, in parse
    compiled_result = compile_func(self, token)
                      ^^^^^^^^^^^^^^^^^^^^^^^^^
  File "C:\Users\01\AppData\Local\Programs\Python\Python312\Lib\site-packages\django\template\loader_tags.py", line 295, in do_extends
    nodelist = parser.parse()
               ^^^^^^^^^^^^^^
  File "C:\Users\01\AppData\Local\Programs\Python\Python312\Lib\site-packages\django\template\base.py", line 504, in parse
    self.invalid_block_tag(token, command, parse_until)
  File "C:\Users\01\AppData\Local\Programs\Python\Python312\Lib\site-packages\django\template\base.py", line 565, in invalid_block_tag
    raise self.error(
django.template.exceptions.TemplateSyntaxError: Invalid block tag on line 21: 'endblock'. Did you forget to register or load this tag?
ERROR 2024-05-20 10:50:05,621 basehttp 11316 14292"GET /less3/about/ HTTP/1.1" 500 148821
ERROR 2024-05-20 10:52:09,087 log 11316 14292Internal Server Error: /less3/about/
Traceback (most recent call last):
  File "C:\Users\01\AppData\Local\Programs\Python\Python312\Lib\site-packages\django\template\base.py", line 502, in parse
    compile_func = self.tags[command]
                   ~~~~~~~~~^^^^^^^^^
KeyError: 'endblock'

During handling of the above exception, another exception occurred:

Traceback (most recent call last):
  File "C:\Users\01\AppData\Local\Programs\Python\Python312\Lib\site-packages\django\core\handlers\exception.py", line 55, in inner
    response = get_response(request)
               ^^^^^^^^^^^^^^^^^^^^^
  File "C:\Users\01\AppData\Local\Programs\Python\Python312\Lib\site-packages\django\core\handlers\base.py", line 197, in _get_response
    response = wrapped_callback(request, *callback_args, **callback_kwargs)
               ^^^^^^^^^^^^^^^^^^^^^^^^^^^^^^^^^^^^^^^^^^^^^^^^^^^^^^^^^^^^
  File "C:\_GB_django\001\mydjango\myapp3\views.py", line 8, in about
    return render(request, 'myapp3/about.html')
           ^^^^^^^^^^^^^^^^^^^^^^^^^^^^^^^^^^^^
  File "C:\Users\01\AppData\Local\Programs\Python\Python312\Lib\site-packages\django\shortcuts.py", line 25, in render
    content = loader.render_to_string(template_name, context, request, using=using)
              ^^^^^^^^^^^^^^^^^^^^^^^^^^^^^^^^^^^^^^^^^^^^^^^^^^^^^^^^^^^^^^^^^^^^^
  File "C:\Users\01\AppData\Local\Programs\Python\Python312\Lib\site-packages\django\template\loader.py", line 61, in render_to_string
    template = get_template(template_name, using=using)
               ^^^^^^^^^^^^^^^^^^^^^^^^^^^^^^^^^^^^^^^^
  File "C:\Users\01\AppData\Local\Programs\Python\Python312\Lib\site-packages\django\template\loader.py", line 15, in get_template
    return engine.get_template(template_name)
           ^^^^^^^^^^^^^^^^^^^^^^^^^^^^^^^^^^
  File "C:\Users\01\AppData\Local\Programs\Python\Python312\Lib\site-packages\django\template\backends\django.py", line 33, in get_template
    return Template(self.engine.get_template(template_name), self)
                    ^^^^^^^^^^^^^^^^^^^^^^^^^^^^^^^^^^^^^^^
  File "C:\Users\01\AppData\Local\Programs\Python\Python312\Lib\site-packages\django\template\engine.py", line 177, in get_template
    template, origin = self.find_template(template_name)
                       ^^^^^^^^^^^^^^^^^^^^^^^^^^^^^^^^^
  File "C:\Users\01\AppData\Local\Programs\Python\Python312\Lib\site-packages\django\template\engine.py", line 159, in find_template
    template = loader.get_template(name, skip=skip)
               ^^^^^^^^^^^^^^^^^^^^^^^^^^^^^^^^^^^^
  File "C:\Users\01\AppData\Local\Programs\Python\Python312\Lib\site-packages\django\template\loaders\cached.py", line 57, in get_template
    template = super().get_template(template_name, skip)
               ^^^^^^^^^^^^^^^^^^^^^^^^^^^^^^^^^^^^^^^^^
  File "C:\Users\01\AppData\Local\Programs\Python\Python312\Lib\site-packages\django\template\loaders\base.py", line 28, in get_template
    return Template(
           ^^^^^^^^^
  File "C:\Users\01\AppData\Local\Programs\Python\Python312\Lib\site-packages\django\template\base.py", line 154, in __init__
    self.nodelist = self.compile_nodelist()
                    ^^^^^^^^^^^^^^^^^^^^^^^
  File "C:\Users\01\AppData\Local\Programs\Python\Python312\Lib\site-packages\django\template\base.py", line 196, in compile_nodelist
    return parser.parse()
           ^^^^^^^^^^^^^^
  File "C:\Users\01\AppData\Local\Programs\Python\Python312\Lib\site-packages\django\template\base.py", line 510, in parse
    raise self.error(token, e)
  File "C:\Users\01\AppData\Local\Programs\Python\Python312\Lib\site-packages\django\template\base.py", line 508, in parse
    compiled_result = compile_func(self, token)
                      ^^^^^^^^^^^^^^^^^^^^^^^^^
  File "C:\Users\01\AppData\Local\Programs\Python\Python312\Lib\site-packages\django\template\loader_tags.py", line 295, in do_extends
    nodelist = parser.parse()
               ^^^^^^^^^^^^^^
  File "C:\Users\01\AppData\Local\Programs\Python\Python312\Lib\site-packages\django\template\base.py", line 504, in parse
    self.invalid_block_tag(token, command, parse_until)
  File "C:\Users\01\AppData\Local\Programs\Python\Python312\Lib\site-packages\django\template\base.py", line 565, in invalid_block_tag
    raise self.error(
django.template.exceptions.TemplateSyntaxError: Invalid block tag on line 21: 'endblock'. Did you forget to register or load this tag?
ERROR 2024-05-20 10:52:09,096 basehttp 11316 14292"GET /less3/about/ HTTP/1.1" 500 148958
INFO 2024-05-20 10:53:13,050 basehttp 11316 14292"GET /less3/about/ HTTP/1.1" 200 174
ERROR 2024-05-20 10:53:49,354 log 11316 14292Internal Server Error: /less3/about/
Traceback (most recent call last):
  File "C:\Users\01\AppData\Local\Programs\Python\Python312\Lib\site-packages\django\template\base.py", line 502, in parse
    compile_func = self.tags[command]
                   ~~~~~~~~~^^^^^^^^^
KeyError: 'endblock'

During handling of the above exception, another exception occurred:

Traceback (most recent call last):
  File "C:\Users\01\AppData\Local\Programs\Python\Python312\Lib\site-packages\django\core\handlers\exception.py", line 55, in inner
    response = get_response(request)
               ^^^^^^^^^^^^^^^^^^^^^
  File "C:\Users\01\AppData\Local\Programs\Python\Python312\Lib\site-packages\django\core\handlers\base.py", line 197, in _get_response
    response = wrapped_callback(request, *callback_args, **callback_kwargs)
               ^^^^^^^^^^^^^^^^^^^^^^^^^^^^^^^^^^^^^^^^^^^^^^^^^^^^^^^^^^^^
  File "C:\_GB_django\001\mydjango\myapp3\views.py", line 8, in about
    return render(request, 'myapp3/about.html')
           ^^^^^^^^^^^^^^^^^^^^^^^^^^^^^^^^^^^^
  File "C:\Users\01\AppData\Local\Programs\Python\Python312\Lib\site-packages\django\shortcuts.py", line 25, in render
    content = loader.render_to_string(template_name, context, request, using=using)
              ^^^^^^^^^^^^^^^^^^^^^^^^^^^^^^^^^^^^^^^^^^^^^^^^^^^^^^^^^^^^^^^^^^^^^
  File "C:\Users\01\AppData\Local\Programs\Python\Python312\Lib\site-packages\django\template\loader.py", line 61, in render_to_string
    template = get_template(template_name, using=using)
               ^^^^^^^^^^^^^^^^^^^^^^^^^^^^^^^^^^^^^^^^
  File "C:\Users\01\AppData\Local\Programs\Python\Python312\Lib\site-packages\django\template\loader.py", line 15, in get_template
    return engine.get_template(template_name)
           ^^^^^^^^^^^^^^^^^^^^^^^^^^^^^^^^^^
  File "C:\Users\01\AppData\Local\Programs\Python\Python312\Lib\site-packages\django\template\backends\django.py", line 33, in get_template
    return Template(self.engine.get_template(template_name), self)
                    ^^^^^^^^^^^^^^^^^^^^^^^^^^^^^^^^^^^^^^^
  File "C:\Users\01\AppData\Local\Programs\Python\Python312\Lib\site-packages\django\template\engine.py", line 177, in get_template
    template, origin = self.find_template(template_name)
                       ^^^^^^^^^^^^^^^^^^^^^^^^^^^^^^^^^
  File "C:\Users\01\AppData\Local\Programs\Python\Python312\Lib\site-packages\django\template\engine.py", line 159, in find_template
    template = loader.get_template(name, skip=skip)
               ^^^^^^^^^^^^^^^^^^^^^^^^^^^^^^^^^^^^
  File "C:\Users\01\AppData\Local\Programs\Python\Python312\Lib\site-packages\django\template\loaders\cached.py", line 57, in get_template
    template = super().get_template(template_name, skip)
               ^^^^^^^^^^^^^^^^^^^^^^^^^^^^^^^^^^^^^^^^^
  File "C:\Users\01\AppData\Local\Programs\Python\Python312\Lib\site-packages\django\template\loaders\base.py", line 28, in get_template
    return Template(
           ^^^^^^^^^
  File "C:\Users\01\AppData\Local\Programs\Python\Python312\Lib\site-packages\django\template\base.py", line 154, in __init__
    self.nodelist = self.compile_nodelist()
                    ^^^^^^^^^^^^^^^^^^^^^^^
  File "C:\Users\01\AppData\Local\Programs\Python\Python312\Lib\site-packages\django\template\base.py", line 196, in compile_nodelist
    return parser.parse()
           ^^^^^^^^^^^^^^
  File "C:\Users\01\AppData\Local\Programs\Python\Python312\Lib\site-packages\django\template\base.py", line 510, in parse
    raise self.error(token, e)
  File "C:\Users\01\AppData\Local\Programs\Python\Python312\Lib\site-packages\django\template\base.py", line 508, in parse
    compiled_result = compile_func(self, token)
                      ^^^^^^^^^^^^^^^^^^^^^^^^^
  File "C:\Users\01\AppData\Local\Programs\Python\Python312\Lib\site-packages\django\template\loader_tags.py", line 295, in do_extends
    nodelist = parser.parse()
               ^^^^^^^^^^^^^^
  File "C:\Users\01\AppData\Local\Programs\Python\Python312\Lib\site-packages\django\template\base.py", line 504, in parse
    self.invalid_block_tag(token, command, parse_until)
  File "C:\Users\01\AppData\Local\Programs\Python\Python312\Lib\site-packages\django\template\base.py", line 565, in invalid_block_tag
    raise self.error(
django.template.exceptions.TemplateSyntaxError: Invalid block tag on line 21: 'endblock'. Did you forget to register or load this tag?
ERROR 2024-05-20 10:53:49,363 basehttp 11316 14292"GET /less3/about/ HTTP/1.1" 500 148958
ERROR 2024-05-20 10:55:26,053 log 11316 14292Internal Server Error: /less3/about/
Traceback (most recent call last):
  File "C:\Users\01\AppData\Local\Programs\Python\Python312\Lib\site-packages\django\core\handlers\exception.py", line 55, in inner
    response = get_response(request)
               ^^^^^^^^^^^^^^^^^^^^^
  File "C:\Users\01\AppData\Local\Programs\Python\Python312\Lib\site-packages\django\core\handlers\base.py", line 197, in _get_response
    response = wrapped_callback(request, *callback_args, **callback_kwargs)
               ^^^^^^^^^^^^^^^^^^^^^^^^^^^^^^^^^^^^^^^^^^^^^^^^^^^^^^^^^^^^
  File "C:\_GB_django\001\mydjango\myapp3\views.py", line 8, in about
    return render(request, 'myapp3/about.html')
           ^^^^^^^^^^^^^^^^^^^^^^^^^^^^^^^^^^^^
  File "C:\Users\01\AppData\Local\Programs\Python\Python312\Lib\site-packages\django\shortcuts.py", line 25, in render
    content = loader.render_to_string(template_name, context, request, using=using)
              ^^^^^^^^^^^^^^^^^^^^^^^^^^^^^^^^^^^^^^^^^^^^^^^^^^^^^^^^^^^^^^^^^^^^^
  File "C:\Users\01\AppData\Local\Programs\Python\Python312\Lib\site-packages\django\template\loader.py", line 61, in render_to_string
    template = get_template(template_name, using=using)
               ^^^^^^^^^^^^^^^^^^^^^^^^^^^^^^^^^^^^^^^^
  File "C:\Users\01\AppData\Local\Programs\Python\Python312\Lib\site-packages\django\template\loader.py", line 15, in get_template
    return engine.get_template(template_name)
           ^^^^^^^^^^^^^^^^^^^^^^^^^^^^^^^^^^
  File "C:\Users\01\AppData\Local\Programs\Python\Python312\Lib\site-packages\django\template\backends\django.py", line 33, in get_template
    return Template(self.engine.get_template(template_name), self)
                    ^^^^^^^^^^^^^^^^^^^^^^^^^^^^^^^^^^^^^^^
  File "C:\Users\01\AppData\Local\Programs\Python\Python312\Lib\site-packages\django\template\engine.py", line 177, in get_template
    template, origin = self.find_template(template_name)
                       ^^^^^^^^^^^^^^^^^^^^^^^^^^^^^^^^^
  File "C:\Users\01\AppData\Local\Programs\Python\Python312\Lib\site-packages\django\template\engine.py", line 159, in find_template
    template = loader.get_template(name, skip=skip)
               ^^^^^^^^^^^^^^^^^^^^^^^^^^^^^^^^^^^^
  File "C:\Users\01\AppData\Local\Programs\Python\Python312\Lib\site-packages\django\template\loaders\cached.py", line 57, in get_template
    template = super().get_template(template_name, skip)
               ^^^^^^^^^^^^^^^^^^^^^^^^^^^^^^^^^^^^^^^^^
  File "C:\Users\01\AppData\Local\Programs\Python\Python312\Lib\site-packages\django\template\loaders\base.py", line 28, in get_template
    return Template(
           ^^^^^^^^^
  File "C:\Users\01\AppData\Local\Programs\Python\Python312\Lib\site-packages\django\template\base.py", line 154, in __init__
    self.nodelist = self.compile_nodelist()
                    ^^^^^^^^^^^^^^^^^^^^^^^
  File "C:\Users\01\AppData\Local\Programs\Python\Python312\Lib\site-packages\django\template\base.py", line 196, in compile_nodelist
    return parser.parse()
           ^^^^^^^^^^^^^^
  File "C:\Users\01\AppData\Local\Programs\Python\Python312\Lib\site-packages\django\template\base.py", line 510, in parse
    raise self.error(token, e)
  File "C:\Users\01\AppData\Local\Programs\Python\Python312\Lib\site-packages\django\template\base.py", line 508, in parse
    compiled_result = compile_func(self, token)
                      ^^^^^^^^^^^^^^^^^^^^^^^^^
  File "C:\Users\01\AppData\Local\Programs\Python\Python312\Lib\site-packages\django\template\loader_tags.py", line 295, in do_extends
    nodelist = parser.parse()
               ^^^^^^^^^^^^^^
  File "C:\Users\01\AppData\Local\Programs\Python\Python312\Lib\site-packages\django\template\base.py", line 510, in parse
    raise self.error(token, e)
  File "C:\Users\01\AppData\Local\Programs\Python\Python312\Lib\site-packages\django\template\base.py", line 508, in parse
    compiled_result = compile_func(self, token)
                      ^^^^^^^^^^^^^^^^^^^^^^^^^
  File "C:\Users\01\AppData\Local\Programs\Python\Python312\Lib\site-packages\django\template\loader_tags.py", line 240, in do_block
    parser.invalid_block_tag(endblock, "endblock", acceptable_endblocks)
  File "C:\Users\01\AppData\Local\Programs\Python\Python312\Lib\site-packages\django\template\base.py", line 555, in invalid_block_tag
    raise self.error(
django.template.exceptions.TemplateSyntaxError: Invalid block tag on line 21: 'endblock', expected 'endblock' or 'endblock content'. Did you forget to register or load this tag?
ERROR 2024-05-20 10:55:26,063 basehttp 11316 14292"GET /less3/about/ HTTP/1.1" 500 154272
INFO 2024-05-20 10:56:07,231 basehttp 11316 14292"GET /less3/about/ HTTP/1.1" 200 1253
INFO 2024-05-20 11:00:25,026 autoreload 11316 3756C:\_GB_django\001\mydjango\mydjango\settings.py changed, reloading.
INFO 2024-05-20 11:00:25,717 autoreload 8680 13388Watching for file changes with StatReloader
ERROR 2024-05-20 11:03:19,276 log 8680 6568Internal Server Error: /less3/about/
Traceback (most recent call last):
  File "C:\Users\01\AppData\Local\Programs\Python\Python312\Lib\site-packages\django\template\base.py", line 502, in parse
    compile_func = self.tags[command]
                   ~~~~~~~~~^^^^^^^^^
KeyError: 'endblock'

During handling of the above exception, another exception occurred:

Traceback (most recent call last):
  File "C:\Users\01\AppData\Local\Programs\Python\Python312\Lib\site-packages\django\core\handlers\exception.py", line 55, in inner
    response = get_response(request)
               ^^^^^^^^^^^^^^^^^^^^^
  File "C:\Users\01\AppData\Local\Programs\Python\Python312\Lib\site-packages\django\core\handlers\base.py", line 197, in _get_response
    response = wrapped_callback(request, *callback_args, **callback_kwargs)
               ^^^^^^^^^^^^^^^^^^^^^^^^^^^^^^^^^^^^^^^^^^^^^^^^^^^^^^^^^^^^
  File "C:\_GB_django\001\mydjango\myapp3\views.py", line 8, in about
    return render(request, 'myapp3/about.html')
           ^^^^^^^^^^^^^^^^^^^^^^^^^^^^^^^^^^^^
  File "C:\Users\01\AppData\Local\Programs\Python\Python312\Lib\site-packages\django\shortcuts.py", line 25, in render
    content = loader.render_to_string(template_name, context, request, using=using)
              ^^^^^^^^^^^^^^^^^^^^^^^^^^^^^^^^^^^^^^^^^^^^^^^^^^^^^^^^^^^^^^^^^^^^^
  File "C:\Users\01\AppData\Local\Programs\Python\Python312\Lib\site-packages\django\template\loader.py", line 61, in render_to_string
    template = get_template(template_name, using=using)
               ^^^^^^^^^^^^^^^^^^^^^^^^^^^^^^^^^^^^^^^^
  File "C:\Users\01\AppData\Local\Programs\Python\Python312\Lib\site-packages\django\template\loader.py", line 15, in get_template
    return engine.get_template(template_name)
           ^^^^^^^^^^^^^^^^^^^^^^^^^^^^^^^^^^
  File "C:\Users\01\AppData\Local\Programs\Python\Python312\Lib\site-packages\django\template\backends\django.py", line 33, in get_template
    return Template(self.engine.get_template(template_name), self)
                    ^^^^^^^^^^^^^^^^^^^^^^^^^^^^^^^^^^^^^^^
  File "C:\Users\01\AppData\Local\Programs\Python\Python312\Lib\site-packages\django\template\engine.py", line 177, in get_template
    template, origin = self.find_template(template_name)
                       ^^^^^^^^^^^^^^^^^^^^^^^^^^^^^^^^^
  File "C:\Users\01\AppData\Local\Programs\Python\Python312\Lib\site-packages\django\template\engine.py", line 159, in find_template
    template = loader.get_template(name, skip=skip)
               ^^^^^^^^^^^^^^^^^^^^^^^^^^^^^^^^^^^^
  File "C:\Users\01\AppData\Local\Programs\Python\Python312\Lib\site-packages\django\template\loaders\cached.py", line 57, in get_template
    template = super().get_template(template_name, skip)
               ^^^^^^^^^^^^^^^^^^^^^^^^^^^^^^^^^^^^^^^^^
  File "C:\Users\01\AppData\Local\Programs\Python\Python312\Lib\site-packages\django\template\loaders\base.py", line 28, in get_template
    return Template(
           ^^^^^^^^^
  File "C:\Users\01\AppData\Local\Programs\Python\Python312\Lib\site-packages\django\template\base.py", line 154, in __init__
    self.nodelist = self.compile_nodelist()
                    ^^^^^^^^^^^^^^^^^^^^^^^
  File "C:\Users\01\AppData\Local\Programs\Python\Python312\Lib\site-packages\django\template\base.py", line 196, in compile_nodelist
    return parser.parse()
           ^^^^^^^^^^^^^^
  File "C:\Users\01\AppData\Local\Programs\Python\Python312\Lib\site-packages\django\template\base.py", line 510, in parse
    raise self.error(token, e)
  File "C:\Users\01\AppData\Local\Programs\Python\Python312\Lib\site-packages\django\template\base.py", line 508, in parse
    compiled_result = compile_func(self, token)
                      ^^^^^^^^^^^^^^^^^^^^^^^^^
  File "C:\Users\01\AppData\Local\Programs\Python\Python312\Lib\site-packages\django\template\loader_tags.py", line 295, in do_extends
    nodelist = parser.parse()
               ^^^^^^^^^^^^^^
  File "C:\Users\01\AppData\Local\Programs\Python\Python312\Lib\site-packages\django\template\base.py", line 504, in parse
    self.invalid_block_tag(token, command, parse_until)
  File "C:\Users\01\AppData\Local\Programs\Python\Python312\Lib\site-packages\django\template\base.py", line 565, in invalid_block_tag
    raise self.error(
django.template.exceptions.TemplateSyntaxError: Invalid block tag on line 21: 'endblock'. Did you forget to register or load this tag?
ERROR 2024-05-20 11:03:19,287 basehttp 8680 6568"GET /less3/about/ HTTP/1.1" 500 149458
INFO 2024-05-20 11:04:00,180 autoreload 2540 11576Watching for file changes with StatReloader
INFO 2024-05-20 11:04:06,227 basehttp 2540 14328"GET /less3 HTTP/1.1" 301 0
INFO 2024-05-20 11:04:06,236 basehttp 2540 12284"GET /less3/ HTTP/1.1" 200 186
ERROR 2024-05-20 11:04:11,719 log 2540 12284Internal Server Error: /less3/about/
Traceback (most recent call last):
  File "C:\Users\01\AppData\Local\Programs\Python\Python312\Lib\site-packages\django\template\base.py", line 502, in parse
    compile_func = self.tags[command]
                   ~~~~~~~~~^^^^^^^^^
KeyError: 'endblock'

During handling of the above exception, another exception occurred:

Traceback (most recent call last):
  File "C:\Users\01\AppData\Local\Programs\Python\Python312\Lib\site-packages\django\core\handlers\exception.py", line 55, in inner
    response = get_response(request)
               ^^^^^^^^^^^^^^^^^^^^^
  File "C:\Users\01\AppData\Local\Programs\Python\Python312\Lib\site-packages\django\core\handlers\base.py", line 197, in _get_response
    response = wrapped_callback(request, *callback_args, **callback_kwargs)
               ^^^^^^^^^^^^^^^^^^^^^^^^^^^^^^^^^^^^^^^^^^^^^^^^^^^^^^^^^^^^
  File "C:\_GB_django\001\mydjango\myapp3\views.py", line 8, in about
    return render(request, 'myapp3/about.html')
           ^^^^^^^^^^^^^^^^^^^^^^^^^^^^^^^^^^^^
  File "C:\Users\01\AppData\Local\Programs\Python\Python312\Lib\site-packages\django\shortcuts.py", line 25, in render
    content = loader.render_to_string(template_name, context, request, using=using)
              ^^^^^^^^^^^^^^^^^^^^^^^^^^^^^^^^^^^^^^^^^^^^^^^^^^^^^^^^^^^^^^^^^^^^^
  File "C:\Users\01\AppData\Local\Programs\Python\Python312\Lib\site-packages\django\template\loader.py", line 61, in render_to_string
    template = get_template(template_name, using=using)
               ^^^^^^^^^^^^^^^^^^^^^^^^^^^^^^^^^^^^^^^^
  File "C:\Users\01\AppData\Local\Programs\Python\Python312\Lib\site-packages\django\template\loader.py", line 15, in get_template
    return engine.get_template(template_name)
           ^^^^^^^^^^^^^^^^^^^^^^^^^^^^^^^^^^
  File "C:\Users\01\AppData\Local\Programs\Python\Python312\Lib\site-packages\django\template\backends\django.py", line 33, in get_template
    return Template(self.engine.get_template(template_name), self)
                    ^^^^^^^^^^^^^^^^^^^^^^^^^^^^^^^^^^^^^^^
  File "C:\Users\01\AppData\Local\Programs\Python\Python312\Lib\site-packages\django\template\engine.py", line 177, in get_template
    template, origin = self.find_template(template_name)
                       ^^^^^^^^^^^^^^^^^^^^^^^^^^^^^^^^^
  File "C:\Users\01\AppData\Local\Programs\Python\Python312\Lib\site-packages\django\template\engine.py", line 159, in find_template
    template = loader.get_template(name, skip=skip)
               ^^^^^^^^^^^^^^^^^^^^^^^^^^^^^^^^^^^^
  File "C:\Users\01\AppData\Local\Programs\Python\Python312\Lib\site-packages\django\template\loaders\cached.py", line 57, in get_template
    template = super().get_template(template_name, skip)
               ^^^^^^^^^^^^^^^^^^^^^^^^^^^^^^^^^^^^^^^^^
  File "C:\Users\01\AppData\Local\Programs\Python\Python312\Lib\site-packages\django\template\loaders\base.py", line 28, in get_template
    return Template(
           ^^^^^^^^^
  File "C:\Users\01\AppData\Local\Programs\Python\Python312\Lib\site-packages\django\template\base.py", line 154, in __init__
    self.nodelist = self.compile_nodelist()
                    ^^^^^^^^^^^^^^^^^^^^^^^
  File "C:\Users\01\AppData\Local\Programs\Python\Python312\Lib\site-packages\django\template\base.py", line 196, in compile_nodelist
    return parser.parse()
           ^^^^^^^^^^^^^^
  File "C:\Users\01\AppData\Local\Programs\Python\Python312\Lib\site-packages\django\template\base.py", line 510, in parse
    raise self.error(token, e)
  File "C:\Users\01\AppData\Local\Programs\Python\Python312\Lib\site-packages\django\template\base.py", line 508, in parse
    compiled_result = compile_func(self, token)
                      ^^^^^^^^^^^^^^^^^^^^^^^^^
  File "C:\Users\01\AppData\Local\Programs\Python\Python312\Lib\site-packages\django\template\loader_tags.py", line 295, in do_extends
    nodelist = parser.parse()
               ^^^^^^^^^^^^^^
  File "C:\Users\01\AppData\Local\Programs\Python\Python312\Lib\site-packages\django\template\base.py", line 504, in parse
    self.invalid_block_tag(token, command, parse_until)
  File "C:\Users\01\AppData\Local\Programs\Python\Python312\Lib\site-packages\django\template\base.py", line 565, in invalid_block_tag
    raise self.error(
django.template.exceptions.TemplateSyntaxError: Invalid block tag on line 21: 'endblock'. Did you forget to register or load this tag?
ERROR 2024-05-20 11:04:11,730 basehttp 2540 12284"GET /less3/about/ HTTP/1.1" 500 149321
ERROR 2024-05-20 11:05:10,400 log 2540 12284Internal Server Error: /less3/about/
Traceback (most recent call last):
  File "C:\Users\01\AppData\Local\Programs\Python\Python312\Lib\site-packages\django\template\base.py", line 502, in parse
    compile_func = self.tags[command]
                   ~~~~~~~~~^^^^^^^^^
KeyError: 'endblock'

During handling of the above exception, another exception occurred:

Traceback (most recent call last):
  File "C:\Users\01\AppData\Local\Programs\Python\Python312\Lib\site-packages\django\core\handlers\exception.py", line 55, in inner
    response = get_response(request)
               ^^^^^^^^^^^^^^^^^^^^^
  File "C:\Users\01\AppData\Local\Programs\Python\Python312\Lib\site-packages\django\core\handlers\base.py", line 197, in _get_response
    response = wrapped_callback(request, *callback_args, **callback_kwargs)
               ^^^^^^^^^^^^^^^^^^^^^^^^^^^^^^^^^^^^^^^^^^^^^^^^^^^^^^^^^^^^
  File "C:\_GB_django\001\mydjango\myapp3\views.py", line 8, in about
    return render(request, 'myapp3/about.html')
           ^^^^^^^^^^^^^^^^^^^^^^^^^^^^^^^^^^^^
  File "C:\Users\01\AppData\Local\Programs\Python\Python312\Lib\site-packages\django\shortcuts.py", line 25, in render
    content = loader.render_to_string(template_name, context, request, using=using)
              ^^^^^^^^^^^^^^^^^^^^^^^^^^^^^^^^^^^^^^^^^^^^^^^^^^^^^^^^^^^^^^^^^^^^^
  File "C:\Users\01\AppData\Local\Programs\Python\Python312\Lib\site-packages\django\template\loader.py", line 61, in render_to_string
    template = get_template(template_name, using=using)
               ^^^^^^^^^^^^^^^^^^^^^^^^^^^^^^^^^^^^^^^^
  File "C:\Users\01\AppData\Local\Programs\Python\Python312\Lib\site-packages\django\template\loader.py", line 15, in get_template
    return engine.get_template(template_name)
           ^^^^^^^^^^^^^^^^^^^^^^^^^^^^^^^^^^
  File "C:\Users\01\AppData\Local\Programs\Python\Python312\Lib\site-packages\django\template\backends\django.py", line 33, in get_template
    return Template(self.engine.get_template(template_name), self)
                    ^^^^^^^^^^^^^^^^^^^^^^^^^^^^^^^^^^^^^^^
  File "C:\Users\01\AppData\Local\Programs\Python\Python312\Lib\site-packages\django\template\engine.py", line 177, in get_template
    template, origin = self.find_template(template_name)
                       ^^^^^^^^^^^^^^^^^^^^^^^^^^^^^^^^^
  File "C:\Users\01\AppData\Local\Programs\Python\Python312\Lib\site-packages\django\template\engine.py", line 159, in find_template
    template = loader.get_template(name, skip=skip)
               ^^^^^^^^^^^^^^^^^^^^^^^^^^^^^^^^^^^^
  File "C:\Users\01\AppData\Local\Programs\Python\Python312\Lib\site-packages\django\template\loaders\cached.py", line 57, in get_template
    template = super().get_template(template_name, skip)
               ^^^^^^^^^^^^^^^^^^^^^^^^^^^^^^^^^^^^^^^^^
  File "C:\Users\01\AppData\Local\Programs\Python\Python312\Lib\site-packages\django\template\loaders\base.py", line 28, in get_template
    return Template(
           ^^^^^^^^^
  File "C:\Users\01\AppData\Local\Programs\Python\Python312\Lib\site-packages\django\template\base.py", line 154, in __init__
    self.nodelist = self.compile_nodelist()
                    ^^^^^^^^^^^^^^^^^^^^^^^
  File "C:\Users\01\AppData\Local\Programs\Python\Python312\Lib\site-packages\django\template\base.py", line 196, in compile_nodelist
    return parser.parse()
           ^^^^^^^^^^^^^^
  File "C:\Users\01\AppData\Local\Programs\Python\Python312\Lib\site-packages\django\template\base.py", line 510, in parse
    raise self.error(token, e)
  File "C:\Users\01\AppData\Local\Programs\Python\Python312\Lib\site-packages\django\template\base.py", line 508, in parse
    compiled_result = compile_func(self, token)
                      ^^^^^^^^^^^^^^^^^^^^^^^^^
  File "C:\Users\01\AppData\Local\Programs\Python\Python312\Lib\site-packages\django\template\loader_tags.py", line 295, in do_extends
    nodelist = parser.parse()
               ^^^^^^^^^^^^^^
  File "C:\Users\01\AppData\Local\Programs\Python\Python312\Lib\site-packages\django\template\base.py", line 504, in parse
    self.invalid_block_tag(token, command, parse_until)
  File "C:\Users\01\AppData\Local\Programs\Python\Python312\Lib\site-packages\django\template\base.py", line 565, in invalid_block_tag
    raise self.error(
django.template.exceptions.TemplateSyntaxError: Invalid block tag on line 21: 'endblock'. Did you forget to register or load this tag?
ERROR 2024-05-20 11:05:10,410 basehttp 2540 12284"GET /less3/about/ HTTP/1.1" 500 149348
ERROR 2024-05-20 11:05:12,893 log 2540 12284Internal Server Error: /less3/about/
Traceback (most recent call last):
  File "C:\Users\01\AppData\Local\Programs\Python\Python312\Lib\site-packages\django\template\base.py", line 502, in parse
    compile_func = self.tags[command]
                   ~~~~~~~~~^^^^^^^^^
KeyError: 'endblock'

During handling of the above exception, another exception occurred:

Traceback (most recent call last):
  File "C:\Users\01\AppData\Local\Programs\Python\Python312\Lib\site-packages\django\core\handlers\exception.py", line 55, in inner
    response = get_response(request)
               ^^^^^^^^^^^^^^^^^^^^^
  File "C:\Users\01\AppData\Local\Programs\Python\Python312\Lib\site-packages\django\core\handlers\base.py", line 197, in _get_response
    response = wrapped_callback(request, *callback_args, **callback_kwargs)
               ^^^^^^^^^^^^^^^^^^^^^^^^^^^^^^^^^^^^^^^^^^^^^^^^^^^^^^^^^^^^
  File "C:\_GB_django\001\mydjango\myapp3\views.py", line 8, in about
    return render(request, 'myapp3/about.html')
           ^^^^^^^^^^^^^^^^^^^^^^^^^^^^^^^^^^^^
  File "C:\Users\01\AppData\Local\Programs\Python\Python312\Lib\site-packages\django\shortcuts.py", line 25, in render
    content = loader.render_to_string(template_name, context, request, using=using)
              ^^^^^^^^^^^^^^^^^^^^^^^^^^^^^^^^^^^^^^^^^^^^^^^^^^^^^^^^^^^^^^^^^^^^^
  File "C:\Users\01\AppData\Local\Programs\Python\Python312\Lib\site-packages\django\template\loader.py", line 61, in render_to_string
    template = get_template(template_name, using=using)
               ^^^^^^^^^^^^^^^^^^^^^^^^^^^^^^^^^^^^^^^^
  File "C:\Users\01\AppData\Local\Programs\Python\Python312\Lib\site-packages\django\template\loader.py", line 15, in get_template
    return engine.get_template(template_name)
           ^^^^^^^^^^^^^^^^^^^^^^^^^^^^^^^^^^
  File "C:\Users\01\AppData\Local\Programs\Python\Python312\Lib\site-packages\django\template\backends\django.py", line 33, in get_template
    return Template(self.engine.get_template(template_name), self)
                    ^^^^^^^^^^^^^^^^^^^^^^^^^^^^^^^^^^^^^^^
  File "C:\Users\01\AppData\Local\Programs\Python\Python312\Lib\site-packages\django\template\engine.py", line 177, in get_template
    template, origin = self.find_template(template_name)
                       ^^^^^^^^^^^^^^^^^^^^^^^^^^^^^^^^^
  File "C:\Users\01\AppData\Local\Programs\Python\Python312\Lib\site-packages\django\template\engine.py", line 159, in find_template
    template = loader.get_template(name, skip=skip)
               ^^^^^^^^^^^^^^^^^^^^^^^^^^^^^^^^^^^^
  File "C:\Users\01\AppData\Local\Programs\Python\Python312\Lib\site-packages\django\template\loaders\cached.py", line 57, in get_template
    template = super().get_template(template_name, skip)
               ^^^^^^^^^^^^^^^^^^^^^^^^^^^^^^^^^^^^^^^^^
  File "C:\Users\01\AppData\Local\Programs\Python\Python312\Lib\site-packages\django\template\loaders\base.py", line 28, in get_template
    return Template(
           ^^^^^^^^^
  File "C:\Users\01\AppData\Local\Programs\Python\Python312\Lib\site-packages\django\template\base.py", line 154, in __init__
    self.nodelist = self.compile_nodelist()
                    ^^^^^^^^^^^^^^^^^^^^^^^
  File "C:\Users\01\AppData\Local\Programs\Python\Python312\Lib\site-packages\django\template\base.py", line 196, in compile_nodelist
    return parser.parse()
           ^^^^^^^^^^^^^^
  File "C:\Users\01\AppData\Local\Programs\Python\Python312\Lib\site-packages\django\template\base.py", line 510, in parse
    raise self.error(token, e)
  File "C:\Users\01\AppData\Local\Programs\Python\Python312\Lib\site-packages\django\template\base.py", line 508, in parse
    compiled_result = compile_func(self, token)
                      ^^^^^^^^^^^^^^^^^^^^^^^^^
  File "C:\Users\01\AppData\Local\Programs\Python\Python312\Lib\site-packages\django\template\loader_tags.py", line 295, in do_extends
    nodelist = parser.parse()
               ^^^^^^^^^^^^^^
  File "C:\Users\01\AppData\Local\Programs\Python\Python312\Lib\site-packages\django\template\base.py", line 504, in parse
    self.invalid_block_tag(token, command, parse_until)
  File "C:\Users\01\AppData\Local\Programs\Python\Python312\Lib\site-packages\django\template\base.py", line 565, in invalid_block_tag
    raise self.error(
django.template.exceptions.TemplateSyntaxError: Invalid block tag on line 21: 'endblock'. Did you forget to register or load this tag?
ERROR 2024-05-20 11:05:12,902 basehttp 2540 12284"GET /less3/about/ HTTP/1.1" 500 149348
ERROR 2024-05-20 11:07:58,692 log 2540 12284Internal Server Error: /less3/about/
Traceback (most recent call last):
  File "C:\Users\01\AppData\Local\Programs\Python\Python312\Lib\site-packages\django\template\base.py", line 502, in parse
    compile_func = self.tags[command]
                   ~~~~~~~~~^^^^^^^^^
KeyError: 'endblock'

During handling of the above exception, another exception occurred:

Traceback (most recent call last):
  File "C:\Users\01\AppData\Local\Programs\Python\Python312\Lib\site-packages\django\core\handlers\exception.py", line 55, in inner
    response = get_response(request)
               ^^^^^^^^^^^^^^^^^^^^^
  File "C:\Users\01\AppData\Local\Programs\Python\Python312\Lib\site-packages\django\core\handlers\base.py", line 197, in _get_response
    response = wrapped_callback(request, *callback_args, **callback_kwargs)
               ^^^^^^^^^^^^^^^^^^^^^^^^^^^^^^^^^^^^^^^^^^^^^^^^^^^^^^^^^^^^
  File "C:\_GB_django\001\mydjango\myapp3\views.py", line 8, in about
    return render(request, 'myapp3/about.html')
           ^^^^^^^^^^^^^^^^^^^^^^^^^^^^^^^^^^^^
  File "C:\Users\01\AppData\Local\Programs\Python\Python312\Lib\site-packages\django\shortcuts.py", line 25, in render
    content = loader.render_to_string(template_name, context, request, using=using)
              ^^^^^^^^^^^^^^^^^^^^^^^^^^^^^^^^^^^^^^^^^^^^^^^^^^^^^^^^^^^^^^^^^^^^^
  File "C:\Users\01\AppData\Local\Programs\Python\Python312\Lib\site-packages\django\template\loader.py", line 61, in render_to_string
    template = get_template(template_name, using=using)
               ^^^^^^^^^^^^^^^^^^^^^^^^^^^^^^^^^^^^^^^^
  File "C:\Users\01\AppData\Local\Programs\Python\Python312\Lib\site-packages\django\template\loader.py", line 15, in get_template
    return engine.get_template(template_name)
           ^^^^^^^^^^^^^^^^^^^^^^^^^^^^^^^^^^
  File "C:\Users\01\AppData\Local\Programs\Python\Python312\Lib\site-packages\django\template\backends\django.py", line 33, in get_template
    return Template(self.engine.get_template(template_name), self)
                    ^^^^^^^^^^^^^^^^^^^^^^^^^^^^^^^^^^^^^^^
  File "C:\Users\01\AppData\Local\Programs\Python\Python312\Lib\site-packages\django\template\engine.py", line 177, in get_template
    template, origin = self.find_template(template_name)
                       ^^^^^^^^^^^^^^^^^^^^^^^^^^^^^^^^^
  File "C:\Users\01\AppData\Local\Programs\Python\Python312\Lib\site-packages\django\template\engine.py", line 159, in find_template
    template = loader.get_template(name, skip=skip)
               ^^^^^^^^^^^^^^^^^^^^^^^^^^^^^^^^^^^^
  File "C:\Users\01\AppData\Local\Programs\Python\Python312\Lib\site-packages\django\template\loaders\cached.py", line 57, in get_template
    template = super().get_template(template_name, skip)
               ^^^^^^^^^^^^^^^^^^^^^^^^^^^^^^^^^^^^^^^^^
  File "C:\Users\01\AppData\Local\Programs\Python\Python312\Lib\site-packages\django\template\loaders\base.py", line 28, in get_template
    return Template(
           ^^^^^^^^^
  File "C:\Users\01\AppData\Local\Programs\Python\Python312\Lib\site-packages\django\template\base.py", line 154, in __init__
    self.nodelist = self.compile_nodelist()
                    ^^^^^^^^^^^^^^^^^^^^^^^
  File "C:\Users\01\AppData\Local\Programs\Python\Python312\Lib\site-packages\django\template\base.py", line 196, in compile_nodelist
    return parser.parse()
           ^^^^^^^^^^^^^^
  File "C:\Users\01\AppData\Local\Programs\Python\Python312\Lib\site-packages\django\template\base.py", line 510, in parse
    raise self.error(token, e)
  File "C:\Users\01\AppData\Local\Programs\Python\Python312\Lib\site-packages\django\template\base.py", line 508, in parse
    compiled_result = compile_func(self, token)
                      ^^^^^^^^^^^^^^^^^^^^^^^^^
  File "C:\Users\01\AppData\Local\Programs\Python\Python312\Lib\site-packages\django\template\loader_tags.py", line 295, in do_extends
    nodelist = parser.parse()
               ^^^^^^^^^^^^^^
  File "C:\Users\01\AppData\Local\Programs\Python\Python312\Lib\site-packages\django\template\base.py", line 504, in parse
    self.invalid_block_tag(token, command, parse_until)
  File "C:\Users\01\AppData\Local\Programs\Python\Python312\Lib\site-packages\django\template\base.py", line 565, in invalid_block_tag
    raise self.error(
django.template.exceptions.TemplateSyntaxError: Invalid block tag on line 21: 'endblock'. Did you forget to register or load this tag?
ERROR 2024-05-20 11:07:58,702 basehttp 2540 12284"GET /less3/about/ HTTP/1.1" 500 149348
INFO 2024-05-20 11:14:16,436 basehttp 2540 10080"GET /less3/about/ HTTP/1.1" 200 1288
INFO 2024-05-20 11:15:42,030 autoreload 2540 11576C:\_GB_django\001\mydjango\mydjango\urls.py changed, reloading.
INFO 2024-05-20 11:15:42,726 autoreload 2688 1136Watching for file changes with StatReloader
INFO 2024-05-20 11:15:59,051 autoreload 2688 1136C:\_GB_django\001\mydjango\mydjango\urls.py changed, reloading.
INFO 2024-05-20 11:15:59,721 autoreload 6696 6200Watching for file changes with StatReloader
INFO 2024-05-20 11:16:02,495 autoreload 6696 6200C:\_GB_django\001\mydjango\mydjango\urls.py changed, reloading.
INFO 2024-05-20 11:16:03,148 autoreload 5012 2720Watching for file changes with StatReloader
INFO 2024-05-20 11:16:11,153 autoreload 5012 2720C:\_GB_django\001\mydjango\mydjango\urls.py changed, reloading.
INFO 2024-05-20 11:16:11,870 autoreload 10456 7960Watching for file changes with StatReloader
INFO 2024-05-20 11:16:27,218 autoreload 10456 7960C:\_GB_django\001\mydjango\mydjango\urls.py changed, reloading.
INFO 2024-05-20 11:16:27,901 autoreload 13216 13040Watching for file changes with StatReloader
INFO 2024-05-20 11:16:31,706 autoreload 13216 13040C:\_GB_django\001\mydjango\mydjango\urls.py changed, reloading.
INFO 2024-05-20 11:16:32,419 autoreload 3532 12236Watching for file changes with StatReloader
INFO 2024-05-20 11:17:21,405 autoreload 3532 12236C:\_GB_django\001\mydjango\mydjango\urls.py changed, reloading.
INFO 2024-05-20 11:17:22,109 autoreload 12100 1180Watching for file changes with StatReloader
INFO 2024-05-20 11:17:24,307 basehttp 12100 6184"GET / HTTP/1.1" 200 1288
INFO 2024-05-20 11:19:03,197 autoreload 12100 1180C:\_GB_django\001\mydjango\mydjango\urls.py changed, reloading.
INFO 2024-05-20 11:19:03,835 autoreload 2824 8068Watching for file changes with StatReloader
INFO 2024-05-20 11:25:57,789 autoreload 2824 8068C:\_GB_django\001\mydjango\myapp3\models.py changed, reloading.
INFO 2024-05-20 11:25:58,519 autoreload 4080 12656Watching for file changes with StatReloader
INFO 2024-05-20 11:40:15,722 basehttp 4080 8368"GET / HTTP/1.1" 200 1288
INFO 2024-05-20 16:11:07,947 autoreload 11236 13644Watching for file changes with StatReloader
INFO 2024-05-20 16:11:31,985 basehttp 11236 12720"GET /less3/author/5 HTTP/1.1" 301 0
INFO 2024-05-20 16:11:32,017 basehttp 11236 12684"GET /less3/author/5/ HTTP/1.1" 200 981
INFO 2024-05-20 16:12:04,462 basehttp 11236 12684"GET /less3/post/48 HTTP/1.1" 301 0
INFO 2024-05-20 16:12:04,470 basehttp 11236 976"GET /less3/post/48/ HTTP/1.1" 200 653
INFO 2024-05-21 12:25:57,166 autoreload 8672 7888Watching for file changes with StatReloader
INFO 2024-05-21 12:25:59,482 basehttp 8672 9652"GET / HTTP/1.1" 200 1288
WARNING 2024-05-21 12:25:59,594 log 8672 9652Not Found: /favicon.ico
WARNING 2024-05-21 12:25:59,595 basehttp 8672 9652"GET /favicon.ico HTTP/1.1" 404 2530
INFO 2024-05-21 12:26:21,593 basehttp 8672 9652"GET /les4/user/add HTTP/1.1" 301 0
INFO 2024-05-21 12:26:21,662 basehttp 8672 8312"GET /les4/user/add/ HTTP/1.1" 200 550
INFO 2024-05-21 12:30:27,603 autoreload 11844 13800Watching for file changes with StatReloader
INFO 2024-05-21 12:30:30,660 basehttp 11844 12784"GET /les4/user/add/ HTTP/1.1" 200 776
INFO 2024-05-21 12:31:09,803 basehttp 11844 12784"POST /les4/user/add/ HTTP/1.1" 200 825
INFO 2024-05-21 12:31:59,635 basehttp 11844 12784"POST /les4/user/add/ HTTP/1.1" 200 825
INFO 2024-05-21 12:32:00,604 basehttp 11844 12784"POST /les4/user/add/ HTTP/1.1" 200 825
INFO 2024-05-21 12:34:47,042 autoreload 11844 13800C:\_GB_django\001\mydjango\myapp4\views.py changed, reloading.
INFO 2024-05-21 12:34:47,763 autoreload 2920 1728Watching for file changes with StatReloader
INFO 2024-05-21 12:34:52,822 basehttp 2920 12572"GET /les4/user/add/ HTTP/1.1" 200 776
INFO 2024-05-21 12:34:58,654 basehttp 2920 12572"POST /les4/user/add/ HTTP/1.1" 200 823
INFO 2024-05-21 12:35:33,094 autoreload 2920 1728C:\_GB_django\001\mydjango\myapp4\views.py changed, reloading.
INFO 2024-05-21 12:35:33,750 autoreload 2336 4812Watching for file changes with StatReloader
INFO 2024-05-21 12:45:39,210 autoreload 2336 4812C:\_GB_django\001\mydjango\myapp4\forms.py changed, reloading.
INFO 2024-05-21 12:45:39,994 autoreload 13632 6936Watching for file changes with StatReloader
INFO 2024-05-21 12:47:36,026 autoreload 13632 6936C:\_GB_django\001\mydjango\myapp4\views.py changed, reloading.
INFO 2024-05-21 12:47:36,764 autoreload 1364 9476Watching for file changes with StatReloader
INFO 2024-05-21 12:47:42,851 autoreload 1364 9476C:\_GB_django\001\mydjango\myapp4\views.py changed, reloading.
INFO 2024-05-21 12:47:43,575 autoreload 8128 8316Watching for file changes with StatReloader
INFO 2024-05-21 12:48:31,729 autoreload 8128 8316C:\_GB_django\001\mydjango\myapp4\views.py changed, reloading.
INFO 2024-05-21 12:48:32,426 autoreload 8776 14300Watching for file changes with StatReloader
INFO 2024-05-21 12:49:51,235 autoreload 8776 14300C:\_GB_django\001\mydjango\myapp4\urls.py changed, reloading.
INFO 2024-05-21 12:49:52,041 autoreload 6684 13792Watching for file changes with StatReloader
INFO 2024-05-21 12:51:21,288 basehttp 6684 6212"GET /les4/user/add/ HTTP/1.1" 200 776
WARNING 2024-05-21 12:51:27,659 log 6684 6212Not Found: /les4/form/
WARNING 2024-05-21 12:51:27,660 basehttp 6684 6212"GET /les4/form/ HTTP/1.1" 404 2784
INFO 2024-05-21 12:52:00,940 basehttp 6684 6212"GET /les4/forms/ HTTP/1.1" 200 1448
INFO 2024-05-21 12:54:33,549 basehttp 6684 6212"POST /les4/forms/ HTTP/1.1" 200 1527
INFO 2024-05-21 13:34:51,135 autoreload 6684 13792C:\_GB_django\001\mydjango\myapp4\forms.py changed, reloading.
INFO 2024-05-21 13:34:51,909 autoreload 1880 11828Watching for file changes with StatReloader
INFO 2024-05-21 13:36:31,876 autoreload 1880 11828C:\_GB_django\001\mydjango\myapp4\views.py changed, reloading.
INFO 2024-05-21 13:36:32,678 autoreload 1556 4948Watching for file changes with StatReloader
INFO 2024-05-21 13:37:28,483 autoreload 1556 4948C:\_GB_django\001\mydjango\myapp4\views.py changed, reloading.
INFO 2024-05-21 13:37:29,185 autoreload 8016 5296Watching for file changes with StatReloader
INFO 2024-05-21 13:37:48,131 basehttp 8016 6552"GET /les4/forms/ HTTP/1.1" 200 2069
INFO 2024-05-21 13:38:43,084 basehttp 8016 6552"POST /les4/forms/ HTTP/1.1" 200 2167
INFO 2024-05-21 13:40:12,036 autoreload 8016 5296C:\_GB_django\001\mydjango\myapp4\forms.py changed, reloading.
INFO 2024-05-21 13:40:12,778 autoreload 4292 5968Watching for file changes with StatReloader
INFO 2024-05-21 13:40:38,040 basehttp 4292 11184"GET /les4/forms/ HTTP/1.1" 200 2069
INFO 2024-05-21 13:43:31,265 autoreload 4292 5968C:\_GB_django\001\mydjango\myapp4\forms.py changed, reloading.
INFO 2024-05-21 13:43:31,996 autoreload 6568 4276Watching for file changes with StatReloader
INFO 2024-05-21 13:43:39,001 autoreload 6568 4276C:\_GB_django\001\mydjango\myapp4\forms.py changed, reloading.
INFO 2024-05-21 13:43:39,690 autoreload 8700 6152Watching for file changes with StatReloader
INFO 2024-05-21 13:59:27,036 autoreload 8700 6152C:\_GB_django\001\mydjango\myapp4\models.py changed, reloading.
INFO 2024-05-21 13:59:27,774 autoreload 5780 5352Watching for file changes with StatReloader
INFO 2024-05-21 14:05:05,966 autoreload 9868 11232Watching for file changes with StatReloader
INFO 2024-05-21 14:05:14,272 basehttp 9868 11608"GET /les4/forms/ HTTP/1.1" 200 2069
ERROR 2024-05-21 14:05:27,384 log 9868 11608Internal Server Error: /les4/user/
Traceback (most recent call last):
  File "C:\Users\01\AppData\Local\Programs\Python\Python312\Lib\site-packages\django\core\handlers\exception.py", line 55, in inner
    response = get_response(request)
               ^^^^^^^^^^^^^^^^^^^^^
  File "C:\Users\01\AppData\Local\Programs\Python\Python312\Lib\site-packages\django\core\handlers\base.py", line 204, in _get_response
    self.check_response(response, callback)
  File "C:\Users\01\AppData\Local\Programs\Python\Python312\Lib\site-packages\django\core\handlers\base.py", line 332, in check_response
    raise ValueError(
ValueError: The view myapp4.views.add_user didn't return an HttpResponse object. It returned None instead.
ERROR 2024-05-21 14:05:27,387 basehttp 9868 11608"GET /les4/user/ HTTP/1.1" 500 65889
INFO 2024-05-21 14:06:08,494 autoreload 9868 11232C:\_GB_django\001\mydjango\myapp4\views.py changed, reloading.
INFO 2024-05-21 14:06:09,278 autoreload 7484 5988Watching for file changes with StatReloader
INFO 2024-05-21 14:06:10,759 basehttp 7484 9692"GET /les4/user/ HTTP/1.1" 200 815
INFO 2024-05-21 14:07:00,714 basehttp 7484 9692"GET /les4/user/ HTTP/1.1" 200 815
INFO 2024-05-21 14:07:18,862 basehttp 7484 9692"POST /les4/user/ HTTP/1.1" 200 982
INFO 2024-05-21 14:07:46,174 basehttp 7484 9692"POST /les4/user/ HTTP/1.1" 200 884
INFO 2024-05-21 14:08:06,457 autoreload 7484 5988C:\_GB_django\001\mydjango\myapp4\views.py changed, reloading.
INFO 2024-05-21 14:08:07,212 autoreload 6416 13620Watching for file changes with StatReloader
INFO 2024-05-21 14:08:08,202 basehttp 6416 5228"GET /les4/user/ HTTP/1.1" 200 815
INFO 2024-05-21 14:08:21,421 basehttp 6416 5228"POST /les4/user/ HTTP/1.1" 200 884
INFO 2024-05-21 18:11:36,572 autoreload 11752 9532Watching for file changes with StatReloader
INFO 2024-05-21 18:13:09,716 autoreload 11752 9532C:\_GB_django\001\mydjango\myapp4\forms.py changed, reloading.
INFO 2024-05-21 18:13:10,409 autoreload 14952 14948Watching for file changes with StatReloader
ERROR 2024-05-21 18:13:31,990 log 14952 6020Internal Server Error: /les4/upload/
Traceback (most recent call last):
  File "C:\Users\01\AppData\Local\Programs\Python\Python312\Lib\site-packages\django\core\handlers\exception.py", line 55, in inner
    response = get_response(request)
               ^^^^^^^^^^^^^^^^^^^^^
  File "C:\Users\01\AppData\Local\Programs\Python\Python312\Lib\site-packages\django\core\handlers\base.py", line 197, in _get_response
    response = wrapped_callback(request, *callback_args, **callback_kwargs)
               ^^^^^^^^^^^^^^^^^^^^^^^^^^^^^^^^^^^^^^^^^^^^^^^^^^^^^^^^^^^^
  File "C:\_GB_django\001\mydjango\myapp4\views.py", line 61, in upload_image
    return render(request, 'myapp4/upload_image.html', {'form':form})
           ^^^^^^^^^^^^^^^^^^^^^^^^^^^^^^^^^^^^^^^^^^^^^^^^^^^^^^^^^^
  File "C:\Users\01\AppData\Local\Programs\Python\Python312\Lib\site-packages\django\shortcuts.py", line 25, in render
    content = loader.render_to_string(template_name, context, request, using=using)
              ^^^^^^^^^^^^^^^^^^^^^^^^^^^^^^^^^^^^^^^^^^^^^^^^^^^^^^^^^^^^^^^^^^^^^
  File "C:\Users\01\AppData\Local\Programs\Python\Python312\Lib\site-packages\django\template\loader.py", line 61, in render_to_string
    template = get_template(template_name, using=using)
               ^^^^^^^^^^^^^^^^^^^^^^^^^^^^^^^^^^^^^^^^
  File "C:\Users\01\AppData\Local\Programs\Python\Python312\Lib\site-packages\django\template\loader.py", line 15, in get_template
    return engine.get_template(template_name)
           ^^^^^^^^^^^^^^^^^^^^^^^^^^^^^^^^^^
  File "C:\Users\01\AppData\Local\Programs\Python\Python312\Lib\site-packages\django\template\backends\django.py", line 33, in get_template
    return Template(self.engine.get_template(template_name), self)
                    ^^^^^^^^^^^^^^^^^^^^^^^^^^^^^^^^^^^^^^^
  File "C:\Users\01\AppData\Local\Programs\Python\Python312\Lib\site-packages\django\template\engine.py", line 177, in get_template
    template, origin = self.find_template(template_name)
                       ^^^^^^^^^^^^^^^^^^^^^^^^^^^^^^^^^
  File "C:\Users\01\AppData\Local\Programs\Python\Python312\Lib\site-packages\django\template\engine.py", line 159, in find_template
    template = loader.get_template(name, skip=skip)
               ^^^^^^^^^^^^^^^^^^^^^^^^^^^^^^^^^^^^
  File "C:\Users\01\AppData\Local\Programs\Python\Python312\Lib\site-packages\django\template\loaders\cached.py", line 57, in get_template
    template = super().get_template(template_name, skip)
               ^^^^^^^^^^^^^^^^^^^^^^^^^^^^^^^^^^^^^^^^^
  File "C:\Users\01\AppData\Local\Programs\Python\Python312\Lib\site-packages\django\template\loaders\base.py", line 23, in get_template
    contents = self.get_contents(origin)
               ^^^^^^^^^^^^^^^^^^^^^^^^^
  File "C:\Users\01\AppData\Local\Programs\Python\Python312\Lib\site-packages\django\template\loaders\cached.py", line 26, in get_contents
    return origin.loader.get_contents(origin)
           ^^^^^^^^^^^^^^^^^^^^^^^^^^^^^^^^^^
  File "C:\Users\01\AppData\Local\Programs\Python\Python312\Lib\site-packages\django\template\loaders\filesystem.py", line 22, in get_contents
    with open(origin.name, encoding=self.engine.file_charset) as fp:
         ^^^^^^^^^^^^^^^^^^^^^^^^^^^^^^^^^^^^^^^^^^^^^^^^^^^^
PermissionError: [Errno 13] Permission denied: 'C:\\_GB_django\\001\\mydjango\\myapp4\\templates\\myapp4\\upload_image.html'
ERROR 2024-05-21 18:13:31,999 basehttp 14952 6020"GET /les4/upload/ HTTP/1.1" 500 111779
WARNING 2024-05-21 18:13:32,166 log 14952 6020Not Found: /favicon.ico
WARNING 2024-05-21 18:13:32,166 basehttp 14952 6020"GET /favicon.ico HTTP/1.1" 404 2530
INFO 2024-05-21 18:16:16,330 basehttp 14952 6020"GET /les4/upload/ HTTP/1.1" 200 595
INFO 2024-05-22 14:07:57,498 autoreload 14500 15052Watching for file changes with StatReloader
INFO 2024-05-22 14:08:25,482 basehttp 14500 5172"GET / HTTP/1.1" 200 1288
INFO 2024-05-22 14:08:30,824 basehttp 14500 5172"GET /admin HTTP/1.1" 301 0
INFO 2024-05-22 14:08:30,849 basehttp 14500 2496"GET /admin/ HTTP/1.1" 302 0
INFO 2024-05-22 14:08:30,923 basehttp 14500 2496"GET /admin/login/?next=/admin/ HTTP/1.1" 200 4158
INFO 2024-05-22 14:08:31,051 basehttp 14500 10712"GET /static/admin/css/nav_sidebar.css HTTP/1.1" 200 2810
INFO 2024-05-22 14:08:31,054 basehttp 14500 2496"GET /static/admin/css/base.css HTTP/1.1" 200 21544
INFO 2024-05-22 14:08:31,068 basehttp 14500 5068"GET /static/admin/css/dark_mode.css HTTP/1.1" 200 2682
INFO 2024-05-22 14:08:31,077 basehttp 14500 10712"GET /static/admin/js/nav_sidebar.js HTTP/1.1" 200 3063
INFO 2024-05-22 14:08:31,101 basehttp 14500 1040"GET /static/admin/css/responsive.css HTTP/1.1" 200 17905
INFO 2024-05-22 14:08:31,104 basehttp 14500 8752"GET /static/admin/css/login.css HTTP/1.1" 200 958
INFO 2024-05-22 14:08:31,116 basehttp 14500 3748"GET /static/admin/js/theme.js HTTP/1.1" 200 1943
INFO 2024-05-22 14:08:49,672 basehttp 14500 3748"POST /admin/login/?next=/admin/ HTTP/1.1" 302 0
INFO 2024-05-22 14:08:49,707 basehttp 14500 3748"GET /admin/ HTTP/1.1" 200 5535
INFO 2024-05-22 14:08:49,734 basehttp 14500 3748"GET /static/admin/css/dashboard.css HTTP/1.1" 200 441
INFO 2024-05-22 14:08:49,751 basehttp 14500 8752"GET /static/admin/img/icon-changelink.svg HTTP/1.1" 200 380
INFO 2024-05-22 14:08:49,751 basehttp 14500 3748"GET /static/admin/img/icon-addlink.svg HTTP/1.1" 200 331
INFO 2024-05-22 14:10:14,810 basehttp 14500 3748"GET /admin/auth/user/ HTTP/1.1" 200 10750
INFO 2024-05-22 14:10:14,851 basehttp 14500 3748"GET /static/admin/css/changelists.css HTTP/1.1" 200 6811
INFO 2024-05-22 14:10:14,862 basehttp 14500 2496"GET /static/admin/js/admin/RelatedObjectLookups.js HTTP/1.1" 200 9042
INFO 2024-05-22 14:10:14,865 basehttp 14500 8752"GET /admin/jsi18n/ HTTP/1.1" 200 3342
INFO 2024-05-22 14:10:14,873 basehttp 14500 5068"GET /static/admin/js/core.js HTTP/1.1" 200 6208
INFO 2024-05-22 14:10:14,892 basehttp 14500 1040"GET /static/admin/js/vendor/jquery/jquery.js HTTP/1.1" 200 285314
INFO 2024-05-22 14:10:14,893 basehttp 14500 10712"GET /static/admin/js/jquery.init.js HTTP/1.1" 200 347
INFO 2024-05-22 14:10:14,897 basehttp 14500 8752"GET /static/admin/js/actions.js HTTP/1.1" 200 8067
INFO 2024-05-22 14:10:14,926 basehttp 14500 2496"GET /static/admin/js/prepopulate.js HTTP/1.1" 200 1531
INFO 2024-05-22 14:10:14,929 basehttp 14500 3748"GET /static/admin/js/urlify.js HTTP/1.1" 200 7887
INFO 2024-05-22 14:10:14,946 basehttp 14500 8752"GET /static/admin/img/icon-yes.svg HTTP/1.1" 200 436
INFO 2024-05-22 14:10:14,957 basehttp 14500 10712"GET /static/admin/img/search.svg HTTP/1.1" 200 458
INFO 2024-05-22 14:10:14,975 basehttp 14500 5068"GET /static/admin/js/vendor/xregexp/xregexp.js HTTP/1.1" 200 325171
INFO 2024-05-22 14:10:15,003 basehttp 14500 1040"GET /static/admin/js/filters.js HTTP/1.1" 200 978
INFO 2024-05-22 14:10:15,076 basehttp 14500 5068"GET /static/admin/img/tooltag-add.svg HTTP/1.1" 200 331
INFO 2024-05-22 14:10:15,077 basehttp 14500 10712"GET /static/admin/img/icon-viewlink.svg HTTP/1.1" 200 581
INFO 2024-05-22 14:10:15,082 basehttp 14500 1040"GET /static/admin/img/sorting-icons.svg HTTP/1.1" 200 1097
INFO 2024-05-22 14:11:25,416 basehttp 14500 1040"GET /admin/auth/user/add/ HTTP/1.1" 200 10136
INFO 2024-05-22 14:11:25,456 basehttp 14500 1040"GET /static/admin/css/forms.css HTTP/1.1" 200 9090
INFO 2024-05-22 14:11:25,456 basehttp 14500 10712"GET /static/admin/js/prepopulate_init.js HTTP/1.1" 200 586
INFO 2024-05-22 14:11:25,457 basehttp 14500 5068"GET /admin/jsi18n/ HTTP/1.1" 200 3342
INFO 2024-05-22 14:11:25,469 basehttp 14500 1040"GET /static/admin/css/widgets.css HTTP/1.1" 200 11800
INFO 2024-05-22 14:11:25,474 basehttp 14500 10712"GET /static/admin/js/change_form.js HTTP/1.1" 200 606
INFO 2024-05-22 14:11:45,078 basehttp 14500 10712"POST /admin/auth/user/add/ HTTP/1.1" 302 0
INFO 2024-05-22 14:11:45,165 basehttp 14500 10712"GET /admin/auth/user/2/change/ HTTP/1.1" 200 23440
INFO 2024-05-22 14:11:45,204 basehttp 14500 5068"GET /admin/jsi18n/ HTTP/1.1" 200 3342
INFO 2024-05-22 14:11:45,206 basehttp 14500 8752"GET /static/admin/js/SelectBox.js HTTP/1.1" 200 4530
INFO 2024-05-22 14:11:45,211 basehttp 14500 10712"GET /static/admin/js/calendar.js HTTP/1.1" 200 9141
INFO 2024-05-22 14:11:45,216 basehttp 14500 3748"GET /static/admin/js/SelectFilter2.js HTTP/1.1" 200 15492
INFO 2024-05-22 14:11:45,224 basehttp 14500 1040"GET /static/admin/js/admin/DateTimeShortcuts.js HTTP/1.1" 200 19319
INFO 2024-05-22 14:11:45,284 basehttp 14500 1040"GET /static/admin/img/icon-unknown.svg HTTP/1.1" 200 655
INFO 2024-05-22 14:11:45,291 basehttp 14500 10712"GET /static/admin/img/selector-icons.svg HTTP/1.1" 200 3291
INFO 2024-05-22 14:11:45,295 basehttp 14500 5068"GET /static/admin/img/icon-clock.svg HTTP/1.1" 200 677
INFO 2024-05-22 14:11:45,302 basehttp 14500 8752"GET /static/admin/img/icon-calendar.svg HTTP/1.1" 200 1086
INFO 2024-05-22 14:11:45,308 basehttp 14500 3748"GET /static/admin/img/icon-unknown-alt.svg HTTP/1.1" 200 655
INFO 2024-05-22 14:14:48,601 basehttp 14500 3748"POST /admin/auth/user/2/change/ HTTP/1.1" 302 0
INFO 2024-05-22 14:14:48,625 basehttp 14500 3748"GET /admin/auth/user/ HTTP/1.1" 200 11378
INFO 2024-05-22 14:14:48,657 basehttp 14500 3748"GET /admin/jsi18n/ HTTP/1.1" 200 3342
INFO 2024-05-22 14:15:06,293 basehttp 14500 3748"GET /admin/auth/group/add/ HTTP/1.1" 200 13691
INFO 2024-05-22 14:15:06,325 basehttp 14500 3748"GET /admin/jsi18n/ HTTP/1.1" 200 3342
INFO 2024-05-22 14:16:09,896 basehttp 14500 3748"POST /admin/auth/group/add/ HTTP/1.1" 302 0
INFO 2024-05-22 14:16:09,919 basehttp 14500 3748"GET /admin/auth/group/ HTTP/1.1" 200 8693
INFO 2024-05-22 14:16:09,949 basehttp 14500 3748"GET /admin/jsi18n/ HTTP/1.1" 200 3342
INFO 2024-05-22 14:16:19,591 basehttp 14500 3748"GET /admin/auth/user/ HTTP/1.1" 200 11478
INFO 2024-05-22 14:16:19,621 basehttp 14500 3748"GET /admin/jsi18n/ HTTP/1.1" 200 3342
INFO 2024-05-22 14:16:28,649 basehttp 14500 3748"GET /admin/auth/user/2/change/ HTTP/1.1" 200 23266
INFO 2024-05-22 14:16:28,683 basehttp 14500 3748"GET /admin/jsi18n/ HTTP/1.1" 200 3342
INFO 2024-05-22 14:16:46,518 basehttp 14500 3748"POST /admin/auth/user/2/change/ HTTP/1.1" 302 0
INFO 2024-05-22 14:16:46,541 basehttp 14500 3748"GET /admin/auth/user/ HTTP/1.1" 200 11670
INFO 2024-05-22 14:16:46,575 basehttp 14500 3748"GET /admin/jsi18n/ HTTP/1.1" 200 3342
INFO 2024-05-22 14:17:01,456 basehttp 14500 3748"POST /admin/logout/ HTTP/1.1" 200 3553
INFO 2024-05-22 14:17:04,868 basehttp 14500 3748"GET /admin/ HTTP/1.1" 302 0
INFO 2024-05-22 14:17:04,877 basehttp 14500 3748"GET /admin/login/?next=/admin/ HTTP/1.1" 200 4158
INFO 2024-05-22 14:17:14,634 basehttp 14500 3748"POST /admin/login/?next=/admin/ HTTP/1.1" 302 0
INFO 2024-05-22 14:17:14,651 basehttp 14500 3748"GET /admin/ HTTP/1.1" 200 4503
INFO 2024-05-22 15:03:28,220 autoreload 14500 15052C:\_GB_django\001\mydjango\myapp5\models.py changed, reloading.
INFO 2024-05-22 15:03:29,097 autoreload 16020 16024Watching for file changes with StatReloader
INFO 2024-05-22 15:07:16,614 autoreload 8948 3380Watching for file changes with StatReloader
INFO 2024-05-22 15:07:33,648 basehttp 8948 15968"GET /admin/ HTTP/1.1" 200 4503
INFO 2024-05-22 15:07:35,889 basehttp 8948 15968"POST /admin/logout/ HTTP/1.1" 200 3553
INFO 2024-05-22 15:07:45,094 basehttp 8948 15968"GET /admin/ HTTP/1.1" 302 0
INFO 2024-05-22 15:07:45,112 basehttp 8948 15968"GET /admin/login/?next=/admin/ HTTP/1.1" 200 4158
INFO 2024-05-22 15:07:58,739 basehttp 8948 15968"POST /admin/login/?next=/admin/ HTTP/1.1" 302 0
INFO 2024-05-22 15:07:58,760 basehttp 8948 15968"GET /admin/ HTTP/1.1" 200 8009
INFO 2024-05-22 15:09:33,916 autoreload 8948 3380C:\_GB_django\001\mydjango\myapp3\admin.py changed, reloading.
INFO 2024-05-22 15:09:34,636 autoreload 12812 8760Watching for file changes with StatReloader
INFO 2024-05-22 15:09:37,775 basehttp 12812 5400"GET /admin/ HTTP/1.1" 200 9067
INFO 2024-05-22 15:10:20,151 basehttp 12812 5400"POST /admin/logout/ HTTP/1.1" 200 3553
INFO 2024-05-22 15:10:21,439 basehttp 12812 5400"GET /admin/ HTTP/1.1" 302 0
INFO 2024-05-22 15:10:21,458 basehttp 12812 5400"GET /admin/login/?next=/admin/ HTTP/1.1" 200 4158
INFO 2024-05-22 15:10:32,873 basehttp 12812 5400"POST /admin/login/?next=/admin/ HTTP/1.1" 302 0
INFO 2024-05-22 15:10:32,893 basehttp 12812 5400"GET /admin/ HTTP/1.1" 200 5081
INFO 2024-05-22 15:10:59,946 basehttp 12812 5400"GET /admin/myapp3/post/ HTTP/1.1" 200 17056
INFO 2024-05-22 15:11:02,462 basehttp 12812 5400"GET /admin/myapp3/post/88/change/ HTTP/1.1" 200 10006
INFO 2024-05-22 15:11:02,497 basehttp 12812 5400"GET /admin/jsi18n/ HTTP/1.1" 200 3342
INFO 2024-05-22 15:11:26,759 basehttp 12812 5400"POST /admin/logout/ HTTP/1.1" 200 3553
INFO 2024-05-22 15:11:28,212 basehttp 12812 5400"GET /admin/ HTTP/1.1" 302 0
INFO 2024-05-22 15:11:28,221 basehttp 12812 5400"GET /admin/login/?next=/admin/ HTTP/1.1" 200 4158
INFO 2024-05-22 15:11:37,327 basehttp 12812 5400"POST /admin/login/?next=/admin/ HTTP/1.1" 302 0
INFO 2024-05-22 15:11:37,347 basehttp 12812 5400"GET /admin/ HTTP/1.1" 200 9067
INFO 2024-05-22 15:11:50,176 basehttp 12812 5400"GET /admin/myapp3/post/ HTTP/1.1" 200 37618
INFO 2024-05-22 15:11:50,217 basehttp 12812 5400"GET /admin/jsi18n/ HTTP/1.1" 200 3342
INFO 2024-05-22 15:11:51,382 basehttp 12812 5400"GET /admin/myapp3/post/90/change/ HTTP/1.1" 200 12972
INFO 2024-05-22 15:11:51,413 basehttp 12812 5400"GET /admin/jsi18n/ HTTP/1.1" 200 3342
INFO 2024-05-22 15:12:28,771 basehttp 12812 5400"GET /admin/myapp3/post/ HTTP/1.1" 200 37618
INFO 2024-05-22 15:12:30,117 basehttp 12812 5400"GET /admin/ HTTP/1.1" 200 9067
INFO 2024-05-22 15:12:31,619 basehttp 12812 5400"GET /admin/myapp5/category/ HTTP/1.1" 200 8540
INFO 2024-05-22 15:12:31,653 basehttp 12812 5400"GET /admin/jsi18n/ HTTP/1.1" 200 3342
INFO 2024-05-22 15:12:45,396 basehttp 12812 5400"GET /admin/myapp5/category/add/ HTTP/1.1" 200 9303
INFO 2024-05-22 15:12:45,431 basehttp 12812 5400"GET /admin/jsi18n/ HTTP/1.1" 200 3342
INFO 2024-05-22 15:13:00,805 basehttp 12812 5400"POST /admin/myapp5/category/add/ HTTP/1.1" 302 0
INFO 2024-05-22 15:13:00,826 basehttp 12812 5400"GET /admin/myapp5/category/add/ HTTP/1.1" 200 9547
INFO 2024-05-22 15:13:00,856 basehttp 12812 5400"GET /admin/jsi18n/ HTTP/1.1" 200 3342
INFO 2024-05-22 15:13:11,980 basehttp 12812 5400"POST /admin/myapp5/category/add/ HTTP/1.1" 302 0
INFO 2024-05-22 15:13:12,005 basehttp 12812 5400"GET /admin/myapp5/category/ HTTP/1.1" 200 10290
INFO 2024-05-22 15:13:12,039 basehttp 12812 5400"GET /admin/jsi18n/ HTTP/1.1" 200 3342
INFO 2024-05-22 15:13:25,483 basehttp 12812 5400"GET /admin/myapp5/product/ HTTP/1.1" 200 8533
INFO 2024-05-22 15:13:25,514 basehttp 12812 5400"GET /admin/jsi18n/ HTTP/1.1" 200 3342
INFO 2024-05-22 15:13:36,879 basehttp 12812 5400"GET /admin/myapp5/product/add/ HTTP/1.1" 200 11031
INFO 2024-05-22 15:13:36,916 basehttp 12812 5400"GET /admin/jsi18n/ HTTP/1.1" 200 3342
INFO 2024-05-22 15:13:56,080 basehttp 12812 5400"POST /admin/myapp5/product/add/ HTTP/1.1" 302 0
INFO 2024-05-22 15:13:56,103 basehttp 12812 5400"GET /admin/myapp5/product/add/ HTTP/1.1" 200 11266
INFO 2024-05-22 15:13:56,134 basehttp 12812 5400"GET /admin/jsi18n/ HTTP/1.1" 200 3342
INFO 2024-05-22 15:14:13,928 basehttp 12812 5400"POST /admin/myapp5/product/add/ HTTP/1.1" 302 0
INFO 2024-05-22 15:14:13,951 basehttp 12812 5400"GET /admin/myapp5/product/add/ HTTP/1.1" 200 11272
INFO 2024-05-22 15:14:13,981 basehttp 12812 5400"GET /admin/jsi18n/ HTTP/1.1" 200 3342
INFO 2024-05-22 15:14:38,234 basehttp 12812 5400"GET /admin/myapp5/category/add/?_to_field=id&_popup=1 HTTP/1.1" 200 4372
INFO 2024-05-22 15:14:38,262 basehttp 12812 5400"GET /admin/jsi18n/ HTTP/1.1" 200 3342
INFO 2024-05-22 15:14:48,640 basehttp 12812 5400"GET /admin/myapp5/category/add/?_to_field=id&_popup=1 HTTP/1.1" 200 4372
INFO 2024-05-22 15:14:48,672 basehttp 12812 5400"GET /admin/jsi18n/ HTTP/1.1" 200 3342
INFO 2024-05-22 15:14:57,944 basehttp 12812 5400"GET /admin/myapp5/category/add/?_to_field=id&_popup=1 HTTP/1.1" 200 4372
INFO 2024-05-22 15:14:57,974 basehttp 12812 5400"GET /admin/jsi18n/ HTTP/1.1" 200 3342
INFO 2024-05-22 15:15:01,980 basehttp 12812 5400"POST /admin/myapp5/category/add/?_to_field=id&_popup=1 HTTP/1.1" 200 362
INFO 2024-05-22 15:15:02,058 basehttp 12812 5400"GET /static/admin/js/popup_response.js HTTP/1.1" 200 551
INFO 2024-05-22 15:15:20,470 basehttp 12812 5400"POST /admin/myapp5/product/add/ HTTP/1.1" 302 0
INFO 2024-05-22 15:15:20,494 basehttp 12812 5400"GET /admin/myapp5/product/add/ HTTP/1.1" 200 11313
INFO 2024-05-22 15:15:20,525 basehttp 12812 5400"GET /admin/jsi18n/ HTTP/1.1" 200 3342
INFO 2024-05-22 15:15:36,984 basehttp 12812 5400"POST /admin/myapp5/product/add/ HTTP/1.1" 302 0
INFO 2024-05-22 15:15:37,007 basehttp 12812 5400"GET /admin/myapp5/product/ HTTP/1.1" 200 10823
INFO 2024-05-22 15:15:37,041 basehttp 12812 5400"GET /admin/jsi18n/ HTTP/1.1" 200 3342
INFO 2024-05-22 15:15:54,037 basehttp 12812 5400"GET /admin/myapp5/product/1/change/ HTTP/1.1" 200 11296
INFO 2024-05-22 15:15:54,073 basehttp 12812 5400"GET /admin/jsi18n/ HTTP/1.1" 200 3342
INFO 2024-05-22 15:16:01,958 basehttp 12812 5400"GET /admin/myapp5/product/1/delete/ HTTP/1.1" 200 8477
INFO 2024-05-22 15:16:01,993 basehttp 12812 5400"GET /static/admin/js/cancel.js HTTP/1.1" 200 884
INFO 2024-05-22 15:16:17,273 basehttp 12812 5400"POST /admin/myapp5/product/1/delete/ HTTP/1.1" 302 0
INFO 2024-05-22 15:16:17,296 basehttp 12812 5400"GET /admin/myapp5/product/ HTTP/1.1" 200 10509
INFO 2024-05-22 15:16:17,329 basehttp 12812 5400"GET /admin/jsi18n/ HTTP/1.1" 200 3342
INFO 2024-05-22 15:18:57,552 autoreload 12812 8760C:\_GB_django\001\mydjango\myapp5\models.py changed, reloading.
INFO 2024-05-22 15:18:58,304 autoreload 1260 14736Watching for file changes with StatReloader
INFO 2024-05-22 15:20:37,152 autoreload 1260 14736C:\_GB_django\001\mydjango\myapp5\models.py changed, reloading.
INFO 2024-05-22 15:20:37,850 autoreload 1236 8504Watching for file changes with StatReloader
INFO 2024-05-22 15:23:02,337 autoreload 5952 16196Watching for file changes with StatReloader
INFO 2024-05-22 15:23:18,828 basehttp 5952 8660"GET /admin/myapp5/product/ HTTP/1.1" 200 10353
INFO 2024-05-22 15:23:18,864 basehttp 5952 8660"GET /admin/jsi18n/ HTTP/1.1" 200 3342
INFO 2024-05-22 15:23:29,924 basehttp 5952 8660"GET /admin/myapp5/product/4/change/ HTTP/1.1" 200 13852
INFO 2024-05-22 15:23:29,959 basehttp 5952 8660"GET /admin/jsi18n/ HTTP/1.1" 200 3342
INFO 2024-05-22 15:23:53,348 basehttp 5952 8660"POST /admin/myapp5/product/4/change/ HTTP/1.1" 200 14059
INFO 2024-05-22 15:23:53,385 basehttp 5952 8660"GET /admin/jsi18n/ HTTP/1.1" 200 3342
INFO 2024-05-22 15:24:07,503 basehttp 5952 8660"POST /admin/myapp5/product/4/change/ HTTP/1.1" 302 0
INFO 2024-05-22 15:24:07,528 basehttp 5952 8660"GET /admin/myapp5/product/ HTTP/1.1" 200 10563
INFO 2024-05-22 15:24:07,561 basehttp 5952 8660"GET /admin/jsi18n/ HTTP/1.1" 200 3342
INFO 2024-05-22 15:24:58,619 autoreload 5952 16196C:\_GB_django\001\mydjango\myapp3\admin.py changed, reloading.
INFO 2024-05-22 15:24:59,339 autoreload 3748 2688Watching for file changes with StatReloader
INFO 2024-05-22 15:26:02,321 autoreload 3748 2688C:\_GB_django\001\mydjango\myapp3\admin.py changed, reloading.
INFO 2024-05-22 15:26:03,053 autoreload 15664 3336Watching for file changes with StatReloader
INFO 2024-05-22 15:26:12,215 autoreload 15664 3336C:\_GB_django\001\mydjango\myapp5\admin.py changed, reloading.
INFO 2024-05-22 15:26:12,927 autoreload 9492 9604Watching for file changes with StatReloader
INFO 2024-05-22 15:26:16,808 autoreload 9492 9604C:\_GB_django\001\mydjango\myapp5\admin.py changed, reloading.
INFO 2024-05-22 15:26:17,567 autoreload 15288 6960Watching for file changes with StatReloader
INFO 2024-05-22 15:26:28,209 basehttp 15288 12308"GET /admin/myapp5/product/ HTTP/1.1" 200 10891
INFO 2024-05-22 15:26:28,242 basehttp 15288 12308"GET /admin/jsi18n/ HTTP/1.1" 200 3342
INFO 2024-05-22 15:27:37,899 autoreload 15288 6960C:\_GB_django\001\mydjango\myapp5\admin.py changed, reloading.
INFO 2024-05-22 15:27:38,573 autoreload 3380 15968Watching for file changes with StatReloader
INFO 2024-05-22 15:28:37,276 autoreload 3380 15968C:\_GB_django\001\mydjango\myapp5\admin.py changed, reloading.
INFO 2024-05-22 15:28:38,030 autoreload 6188 14544Watching for file changes with StatReloader
INFO 2024-05-22 15:28:58,553 basehttp 6188 4292"GET /admin/myapp5/product/ HTTP/1.1" 200 11499
INFO 2024-05-22 15:28:58,585 basehttp 6188 4292"GET /admin/jsi18n/ HTTP/1.1" 200 3342
INFO 2024-05-22 15:29:06,068 basehttp 6188 4292"GET /admin/myapp5/product/ HTTP/1.1" 200 11499
INFO 2024-05-22 15:29:06,100 basehttp 6188 4292"GET /admin/jsi18n/ HTTP/1.1" 200 3342
INFO 2024-05-22 15:29:55,185 autoreload 6188 14544C:\_GB_django\001\mydjango\myapp5\admin.py changed, reloading.
INFO 2024-05-22 15:29:55,950 autoreload 4304 15772Watching for file changes with StatReloader
INFO 2024-05-22 15:30:14,579 basehttp 4304 14256"GET /admin/myapp5/product/ HTTP/1.1" 200 12825
INFO 2024-05-22 15:30:14,616 basehttp 4304 14256"GET /admin/jsi18n/ HTTP/1.1" 200 3342
INFO 2024-05-22 15:33:47,394 autoreload 4304 15772C:\_GB_django\001\mydjango\myapp5\admin.py changed, reloading.
INFO 2024-05-22 15:33:48,127 autoreload 8064 12632Watching for file changes with StatReloader
INFO 2024-05-22 15:34:03,234 basehttp 8064 8036"GET /admin/myapp5/product/ HTTP/1.1" 200 13328
INFO 2024-05-22 15:34:03,269 basehttp 8064 8036"GET /admin/jsi18n/ HTTP/1.1" 200 3342
INFO 2024-05-22 15:36:21,308 autoreload 8064 12632C:\_GB_django\001\mydjango\myapp5\admin.py changed, reloading.
INFO 2024-05-22 15:36:22,031 autoreload 1424 16076Watching for file changes with StatReloader
INFO 2024-05-22 15:37:13,564 autoreload 1424 16076C:\_GB_django\001\mydjango\myapp5\admin.py changed, reloading.
INFO 2024-05-22 15:37:14,294 autoreload 15220 11220Watching for file changes with StatReloader
INFO 2024-05-22 15:37:32,085 basehttp 15220 4020"GET /admin/myapp5/product/ HTTP/1.1" 200 13421
INFO 2024-05-22 15:37:32,122 basehttp 15220 4020"GET /admin/jsi18n/ HTTP/1.1" 200 3342
INFO 2024-05-22 15:37:55,192 basehttp 15220 4020"POST /admin/myapp5/product/ HTTP/1.1" 302 0
INFO 2024-05-22 15:37:55,220 basehttp 15220 4020"GET /admin/myapp5/product/ HTTP/1.1" 200 13421
INFO 2024-05-22 15:37:55,251 basehttp 15220 4020"GET /admin/jsi18n/ HTTP/1.1" 200 3342
INFO 2024-05-22 15:41:54,199 autoreload 15220 11220C:\_GB_django\001\mydjango\myapp5\admin.py changed, reloading.
INFO 2024-05-22 15:41:54,936 autoreload 10692 864Watching for file changes with StatReloader
INFO 2024-05-22 15:42:31,774 basehttp 10692 3716"GET /admin/myapp5/product/ HTTP/1.1" 200 13421
INFO 2024-05-22 15:42:31,811 basehttp 10692 3716"GET /admin/jsi18n/ HTTP/1.1" 200 3342
INFO 2024-05-22 15:42:32,985 basehttp 10692 3716"GET /admin/myapp5/product/ HTTP/1.1" 200 13421
INFO 2024-05-22 15:42:33,018 basehttp 10692 3716"GET /admin/jsi18n/ HTTP/1.1" 200 3342
INFO 2024-05-22 15:42:35,960 basehttp 10692 3716"GET /admin/myapp5/product/ HTTP/1.1" 200 13421
INFO 2024-05-22 15:42:35,995 basehttp 10692 3716"GET /admin/jsi18n/ HTTP/1.1" 200 3342
INFO 2024-05-22 15:42:37,207 basehttp 10692 3716"GET /admin/myapp5/product/2/change/ HTTP/1.1" 200 13057
INFO 2024-05-22 15:42:37,242 basehttp 10692 3716"GET /admin/jsi18n/ HTTP/1.1" 200 3342
INFO 2024-05-22 15:43:37,395 autoreload 10692 864C:\_GB_django\001\mydjango\myapp5\admin.py changed, reloading.
INFO 2024-05-22 15:43:38,858 autoreload 4060 13260Watching for file changes with StatReloader
INFO 2024-05-22 15:44:16,599 autoreload 4060 13260C:\_GB_django\001\mydjango\myapp5\admin.py changed, reloading.
INFO 2024-05-22 15:44:17,322 autoreload 2628 3208Watching for file changes with StatReloader
INFO 2024-05-22 15:44:36,732 autoreload 2628 3208C:\_GB_django\001\mydjango\myapp5\admin.py changed, reloading.
INFO 2024-05-22 15:44:37,371 autoreload 10124 8660Watching for file changes with StatReloader
INFO 2024-05-22 15:45:08,086 autoreload 10124 8660C:\_GB_django\001\mydjango\myapp5\admin.py changed, reloading.
INFO 2024-05-22 15:45:08,782 autoreload 13632 1432Watching for file changes with StatReloader
INFO 2024-05-22 15:45:12,646 autoreload 13632 1432C:\_GB_django\001\mydjango\myapp5\admin.py changed, reloading.
INFO 2024-05-22 15:45:13,411 autoreload 6836 3016Watching for file changes with StatReloader
INFO 2024-05-22 15:45:54,154 autoreload 6836 3016C:\_GB_django\001\mydjango\myapp5\admin.py changed, reloading.
INFO 2024-05-22 15:45:54,854 autoreload 6180 15936Watching for file changes with StatReloader
INFO 2024-05-22 15:48:27,699 autoreload 5204 10064Watching for file changes with StatReloader
INFO 2024-05-22 15:48:31,350 basehttp 5204 7748"GET /admin/myapp5/product/2/change/ HTTP/1.1" 200 14971
INFO 2024-05-22 15:48:31,416 basehttp 5204 11568"GET /admin/jsi18n/ HTTP/1.1" 200 3342
INFO 2024-05-22 15:48:31,458 basehttp 5204 7748"GET /static/admin/js/collapse.js HTTP/1.1" 200 1803
INFO 2024-05-22 15:48:33,414 basehttp 5204 7748"GET /admin/myapp5/product/ HTTP/1.1" 200 13421
INFO 2024-05-22 15:48:33,450 basehttp 5204 7748"GET /admin/jsi18n/ HTTP/1.1" 200 3342
INFO 2024-05-22 15:48:39,010 basehttp 5204 7748"GET /admin/myapp5/product/2/change/ HTTP/1.1" 200 14971
INFO 2024-05-22 15:48:39,042 basehttp 5204 7748"GET /admin/jsi18n/ HTTP/1.1" 200 3342
INFO 2024-05-23 12:00:41,958 autoreload 15832 3304Watching for file changes with StatReloader
INFO 2024-05-23 12:01:15,690 autoreload 15832 3304C:\_GB_django\001\mydjango\mydjango\settings.py changed, reloading.
INFO 2024-05-23 12:01:16,928 autoreload 6696 13624Watching for file changes with StatReloader
INFO 2024-05-23 12:01:26,912 basehttp 6696 1364"GET / HTTP/1.1" 200 10296
INFO 2024-05-23 12:01:26,956 basehttp 6696 1364"GET /static/debug_toolbar/css/toolbar.css HTTP/1.1" 200 12621
INFO 2024-05-23 12:01:26,970 basehttp 6696 5808"GET /static/debug_toolbar/css/print.css HTTP/1.1" 200 43
INFO 2024-05-23 12:01:26,984 basehttp 6696 9652"GET /static/debug_toolbar/js/toolbar.js HTTP/1.1" 200 13578
INFO 2024-05-23 12:01:27,037 basehttp 6696 9652"GET /static/debug_toolbar/js/utils.js HTTP/1.1" 200 4527
WARNING 2024-05-23 12:01:27,126 log 6696 9652Not Found: /favicon.ico
WARNING 2024-05-23 12:01:27,126 basehttp 6696 9652"GET /favicon.ico HTTP/1.1" 404 11633
INFO 2024-05-23 12:02:05,465 autoreload 6696 13624C:\_GB_django\001\mydjango\mydjango\settings.py changed, reloading.
INFO 2024-05-23 12:02:06,330 autoreload 6644 17052Watching for file changes with StatReloader
INFO 2024-05-23 12:02:09,465 basehttp 6644 6256"GET / HTTP/1.1" 200 11093
INFO 2024-05-23 12:02:35,421 basehttp 6644 6256"GET /__debug__/render_panel/?store_id=6c55f68ace2f43b984e7fe7847f86520&panel_id=HistoryPanel HTTP/1.1" 200 2505
INFO 2024-05-23 12:02:35,440 basehttp 6644 6256"GET /static/debug_toolbar/js/history.js HTTP/1.1" 200 3515
INFO 2024-05-23 12:02:53,698 basehttp 6644 6256"GET /__debug__/render_panel/?store_id=6c55f68ace2f43b984e7fe7847f86520&panel_id=VersionsPanel HTTP/1.1" 200 760
INFO 2024-05-23 12:03:08,588 basehttp 6644 6256"GET /__debug__/history_refresh/?store_id=6c55f68ace2f43b984e7fe7847f86520&exclude_history=True HTTP/1.1" 200 1683
INFO 2024-05-23 12:03:19,453 basehttp 6644 6256"GET /__debug__/render_panel/?store_id=6c55f68ace2f43b984e7fe7847f86520&panel_id=SettingsPanel HTTP/1.1" 200 26668
