INFO 2024-05-18 19:58:47,295 autoreload 1136 14084Watching for file changes with StatReloader
INFO 2024-05-18 19:58:50,980 views 1136 2780Index page accessed
INFO 2024-05-18 19:58:50,982 basehttp 1136 2780"GET / HTTP/1.1" 200 1608
INFO 2024-05-18 19:58:51,402 views 1136 2780about page accessed
INFO 2024-05-18 19:58:51,403 basehttp 1136 2780"GET /about/ HTTP/1.1" 200 695
INFO 2024-05-18 19:58:51,808 views 1136 2780Index page accessed
INFO 2024-05-18 19:58:51,809 basehttp 1136 2780"GET / HTTP/1.1" 200 1608
INFO 2024-05-18 19:58:52,163 views 1136 2780about page accessed
INFO 2024-05-18 19:58:52,164 basehttp 1136 2780"GET /about/ HTTP/1.1" 200 695
INFO 2024-05-18 19:58:52,497 views 1136 2780Index page accessed
INFO 2024-05-18 19:58:52,498 basehttp 1136 2780"GET / HTTP/1.1" 200 1608
INFO 2024-05-18 20:03:51,970 autoreload 7984 8732Watching for file changes with StatReloader
INFO 2024-05-18 20:03:56,430 views 7984 12972about page accessed
INFO 2024-05-18 20:03:56,431 basehttp 7984 12972"GET /about/ HTTP/1.1" 200 695
INFO 2024-05-18 20:03:58,635 views 7984 12972Index page accessed
INFO 2024-05-18 20:03:58,636 basehttp 7984 12972"GET / HTTP/1.1" 200 1608
INFO 2024-05-18 20:03:59,228 views 7984 12972about page accessed
INFO 2024-05-18 20:03:59,228 basehttp 7984 12972"GET /about/ HTTP/1.1" 200 695
INFO 2024-05-18 20:03:59,827 views 7984 12972Index page accessed
INFO 2024-05-18 20:03:59,828 basehttp 7984 12972"GET / HTTP/1.1" 200 1608
INFO 2024-05-18 20:04:00,787 views 7984 12972about page accessed
INFO 2024-05-18 20:04:00,788 basehttp 7984 12972"GET /about/ HTTP/1.1" 200 695
INFO 2024-05-18 20:04:01,792 views 7984 12972Index page accessed
INFO 2024-05-18 20:04:01,792 basehttp 7984 12972"GET / HTTP/1.1" 200 1608
INFO 2024-05-18 20:04:02,444 views 7984 12972about page accessed
INFO 2024-05-18 20:04:02,445 basehttp 7984 12972"GET /about/ HTTP/1.1" 200 695
INFO 2024-05-18 20:04:03,210 views 7984 12972Index page accessed
INFO 2024-05-18 20:04:03,211 basehttp 7984 12972"GET / HTTP/1.1" 200 1608
INFO 2024-05-18 20:04:04,000 views 7984 12972about page accessed
INFO 2024-05-18 20:04:04,001 basehttp 7984 12972"GET /about/ HTTP/1.1" 200 695
INFO 2024-05-18 20:04:04,747 views 7984 12972Index page accessed
INFO 2024-05-18 20:04:04,747 basehttp 7984 12972"GET / HTTP/1.1" 200 1608
INFO 2024-05-18 20:04:05,316 views 7984 12972about page accessed
INFO 2024-05-18 20:04:05,317 basehttp 7984 12972"GET /about/ HTTP/1.1" 200 695
INFO 2024-05-18 20:04:06,682 views 7984 12972Index page accessed
INFO 2024-05-18 20:04:06,683 basehttp 7984 12972"GET / HTTP/1.1" 200 1608
INFO 2024-05-18 20:04:09,072 views 7984 12972about page accessed
INFO 2024-05-18 20:04:09,073 basehttp 7984 12972"GET /about/ HTTP/1.1" 200 695
INFO 2024-05-18 20:04:10,209 views 7984 12972Index page accessed
INFO 2024-05-18 20:04:10,210 basehttp 7984 12972"GET / HTTP/1.1" 200 1608
INFO 2024-05-18 20:04:11,076 views 7984 12972about page accessed
INFO 2024-05-18 20:04:11,077 basehttp 7984 12972"GET /about/ HTTP/1.1" 200 695
INFO 2024-05-18 20:04:13,259 views 7984 12972Index page accessed
INFO 2024-05-18 20:04:13,260 basehttp 7984 12972"GET / HTTP/1.1" 200 1608
INFO 2024-05-19 18:28:16,460 autoreload 8184 1856Watching for file changes with StatReloader
INFO 2024-05-20 21:35:51,886 autoreload 5304 11760Watching for file changes with StatReloader
INFO 2024-05-20 21:35:59,585 views 5304 1836Index page accessed
INFO 2024-05-20 21:35:59,587 basehttp 5304 1836"GET / HTTP/1.1" 200 1608
INFO 2024-05-20 21:36:02,637 views 5304 1836Index page accessed
INFO 2024-05-20 21:36:02,638 basehttp 5304 1836"GET / HTTP/1.1" 200 1608
INFO 2024-05-20 21:36:04,259 views 5304 1836Index page accessed
INFO 2024-05-20 21:36:04,260 basehttp 5304 1836"GET / HTTP/1.1" 200 1608
INFO 2024-05-20 21:36:04,760 basehttp 5304 1836"GET /about HTTP/1.1" 301 0
INFO 2024-05-20 21:36:04,766 views 5304 4700about page accessed
INFO 2024-05-20 21:36:04,767 basehttp 5304 4700"GET /about/ HTTP/1.1" 200 695
INFO 2024-05-20 21:36:05,910 views 5304 4700Index page accessed
INFO 2024-05-20 21:36:05,911 basehttp 5304 4700"GET / HTTP/1.1" 200 1608
INFO 2024-05-20 21:36:06,391 views 5304 4700about page accessed
INFO 2024-05-20 21:36:06,392 basehttp 5304 4700"GET /about/ HTTP/1.1" 200 695
INFO 2024-05-20 21:36:06,749 views 5304 4700Index page accessed
INFO 2024-05-20 21:36:06,750 basehttp 5304 4700"GET / HTTP/1.1" 200 1608
INFO 2024-05-20 21:36:07,121 views 5304 4700about page accessed
INFO 2024-05-20 21:36:07,122 basehttp 5304 4700"GET /about/ HTTP/1.1" 200 695
INFO 2024-05-20 21:38:20,864 autoreload 5304 11760C:\_GB_django\my_dz\myapp\views.py changed, reloading.
INFO 2024-05-20 21:38:21,536 autoreload 8136 3284Watching for file changes with StatReloader
INFO 2024-05-20 21:39:07,323 autoreload 8136 3284C:\_GB_django\my_dz\myapp\views.py changed, reloading.
INFO 2024-05-20 21:39:07,991 autoreload 9852 6552Watching for file changes with StatReloader
INFO 2024-05-20 21:39:23,424 autoreload 9852 6552C:\_GB_django\my_dz\myapp\views.py changed, reloading.
INFO 2024-05-20 21:39:24,158 autoreload 12620 10168Watching for file changes with StatReloader
INFO 2024-05-20 21:39:29,002 autoreload 12620 10168C:\_GB_django\my_dz\myapp\views.py changed, reloading.
INFO 2024-05-20 21:39:29,631 autoreload 11208 920Watching for file changes with StatReloader
INFO 2024-05-20 21:39:32,558 views 11208 12596about page accessed
ERROR 2024-05-20 21:39:32,673 log 11208 12596Internal Server Error: /about/
Traceback (most recent call last):
  File "C:\Users\01\AppData\Local\Programs\Python\Python312\Lib\site-packages\django\template\backends\django.py", line 61, in render
    return self.template.render(context)
           ^^^^^^^^^^^^^^^^^^^^^^^^^^^^^
  File "C:\Users\01\AppData\Local\Programs\Python\Python312\Lib\site-packages\django\template\base.py", line 171, in render
    return self._render(context)
           ^^^^^^^^^^^^^^^^^^^^^
  File "C:\Users\01\AppData\Local\Programs\Python\Python312\Lib\site-packages\django\template\base.py", line 163, in _render
    return self.nodelist.render(context)
           ^^^^^^^^^^^^^^^^^^^^^^^^^^^^^
  File "C:\Users\01\AppData\Local\Programs\Python\Python312\Lib\site-packages\django\template\base.py", line 1000, in render
    return SafeString("".join([node.render_annotated(context) for node in self]))
                               ^^^^^^^^^^^^^^^^^^^^^^^^^^^^^^
  File "C:\Users\01\AppData\Local\Programs\Python\Python312\Lib\site-packages\django\template\base.py", line 961, in render_annotated
    return self.render(context)
           ^^^^^^^^^^^^^^^^^^^^
  File "C:\Users\01\AppData\Local\Programs\Python\Python312\Lib\site-packages\django\template\loader_tags.py", line 134, in render
    compiled_parent = self.get_parent(context)
                      ^^^^^^^^^^^^^^^^^^^^^^^^
  File "C:\Users\01\AppData\Local\Programs\Python\Python312\Lib\site-packages\django\template\loader_tags.py", line 131, in get_parent
    return self.find_template(parent, context)
           ^^^^^^^^^^^^^^^^^^^^^^^^^^^^^^^^^^^
  File "C:\Users\01\AppData\Local\Programs\Python\Python312\Lib\site-packages\django\template\loader_tags.py", line 109, in find_template
    template, origin = context.template.engine.find_template(
                       ^^^^^^^^^^^^^^^^^^^^^^^^^^^^^^^^^^^^^^
  File "C:\Users\01\AppData\Local\Programs\Python\Python312\Lib\site-packages\django\template\engine.py", line 163, in find_template
    raise TemplateDoesNotExist(name, tried=tried)
django.template.exceptions.TemplateDoesNotExist: myapp3/base.html

The above exception was the direct cause of the following exception:

Traceback (most recent call last):
  File "C:\Users\01\AppData\Local\Programs\Python\Python312\Lib\site-packages\django\core\handlers\exception.py", line 55, in inner
    response = get_response(request)
               ^^^^^^^^^^^^^^^^^^^^^
  File "C:\Users\01\AppData\Local\Programs\Python\Python312\Lib\site-packages\django\core\handlers\base.py", line 197, in _get_response
    response = wrapped_callback(request, *callback_args, **callback_kwargs)
               ^^^^^^^^^^^^^^^^^^^^^^^^^^^^^^^^^^^^^^^^^^^^^^^^^^^^^^^^^^^^
  File "C:\_GB_django\my_dz\myapp\views.py", line 19, in about
    return render(request, "myapp/about.html")
           ^^^^^^^^^^^^^^^^^^^^^^^^^^^^^^^^^^^
  File "C:\Users\01\AppData\Local\Programs\Python\Python312\Lib\site-packages\django\shortcuts.py", line 25, in render
    content = loader.render_to_string(template_name, context, request, using=using)
              ^^^^^^^^^^^^^^^^^^^^^^^^^^^^^^^^^^^^^^^^^^^^^^^^^^^^^^^^^^^^^^^^^^^^^
  File "C:\Users\01\AppData\Local\Programs\Python\Python312\Lib\site-packages\django\template\loader.py", line 62, in render_to_string
    return template.render(context, request)
           ^^^^^^^^^^^^^^^^^^^^^^^^^^^^^^^^^
  File "C:\Users\01\AppData\Local\Programs\Python\Python312\Lib\site-packages\django\template\backends\django.py", line 63, in render
    reraise(exc, self.backend)
  File "C:\Users\01\AppData\Local\Programs\Python\Python312\Lib\site-packages\django\template\backends\django.py", line 84, in reraise
    raise new from exc
django.template.exceptions.TemplateDoesNotExist: myapp3/base.html
ERROR 2024-05-20 21:39:32,682 basehttp 11208 12596"GET /about/ HTTP/1.1" 500 123554
INFO 2024-05-20 21:40:38,436 views 11208 12596about page accessed
INFO 2024-05-20 21:40:38,443 basehttp 11208 12596"GET /about/ HTTP/1.1" 200 532
INFO 2024-05-20 21:40:41,541 views 11208 12596Index page accessed
INFO 2024-05-20 21:40:41,547 basehttp 11208 12596"GET / HTTP/1.1" 200 1349
INFO 2024-05-20 21:40:43,437 views 11208 12596Index page accessed
INFO 2024-05-20 21:40:43,438 basehttp 11208 12596"GET / HTTP/1.1" 200 1349
INFO 2024-05-20 21:40:43,945 views 11208 12596about page accessed
INFO 2024-05-20 21:40:43,946 basehttp 11208 12596"GET /about/ HTTP/1.1" 200 532
INFO 2024-05-20 21:40:44,632 views 11208 12596Index page accessed
INFO 2024-05-20 21:40:44,634 basehttp 11208 12596"GET / HTTP/1.1" 200 1349
INFO 2024-05-20 21:40:45,081 views 11208 12596about page accessed
INFO 2024-05-20 21:40:45,083 basehttp 11208 12596"GET /about/ HTTP/1.1" 200 532
INFO 2024-05-20 21:40:45,455 views 11208 12596Index page accessed
INFO 2024-05-20 21:40:45,456 basehttp 11208 12596"GET / HTTP/1.1" 200 1349
